#
# A fatal error has been detected by the Java Runtime Environment:
#
#  EXCEPTION_ACCESS_VIOLATION (0xc0000005) at pc=0x000000005d4cd25d, pid=9600, tid=0x0000000000001e78
#
# JRE version: OpenJDK Runtime Environment (8.0_242-b01) (build 1.8.0_242-release-1644-b01)
# Java VM: OpenJDK 64-Bit Server VM (25.242-b01 mixed mode windows-amd64 compressed oops)
# Problematic frame:
# V  [jvm.dll+0x43d25d]
#
# Failed to write core dump. Minidumps are not enabled by default on client versions of Windows
#
# If you would like to submit a bug report, please visit:
#   
#

---------------  T H R E A D  ---------------

Current thread (0x0000000017ee5800):  JavaThread "C2 CompilerThread0" daemon [_thread_in_native, id=7800, stack(0x0000000019540000,0x0000000019640000)]

siginfo: ExceptionCode=0xc0000005, reading address 0x000000008572c800

Registers:
RAX=0x000000001ecba020, RBX=0x000000001e38ad10, RCX=0x0000000019a9c9f8, RDX=0x000000000000001f
RSP=0x000000001963c720, RBP=0x000000000000001f, RSI=0x000000001b1474b0, RDI=0x0000000000003d82
R8 =0x000000001963cb50, R9 =0x000000000000015d, R10=0x000000002006adf0, R11=0x0000000000001300
R12=0x000000001963c900, R13=0x000000001a5c3258, R14=0x00000000207986f0, R15=0x00000000000000f8
RIP=0x000000005d4cd25d, EFLAGS=0x0000000000010246

Top of Stack: (sp=0x000000001963c720)
0x000000001963c720:   00000000000012ff 0000000000000005
0x000000001963c730:   000000001963ef00 000000001eb53610
0x000000001963c740:   000000002006a940 000000001963c760
0x000000001963c750:   000000001b1474b0 0000000000000002
0x000000001963c760:   000000001e38ad10 000012f400000003
0x000000001963c770:   0000000000000323 000000001b1474c0
0x000000001963c780:   0000000000000323 0000000000000000
0x000000001963c790:   0000000000000000 0000000000000000
0x000000001963c7a0:   00000000000003d8 000000001a93bad8
0x000000001963c7b0:   000000001a93b700 0000000000000000
0x000000001963c7c0:   000000001963cb50 000000001a93b6f0
0x000000001963c7d0:   000000001963c8e0 000000005d4ca836
0x000000001963c7e0:   000000001963c900 000000001963cc60
0x000000001963c7f0:   0000000000000005 000000000000003d
0x000000001963c800:   0000000000000006 000000001a93b6f0
0x000000001963c810:   000000001f8424c0 000000001f847150 

Instructions: (pc=0x000000005d4cd25d)
0x000000005d4cd23d:   18 49 8b 46 08 4d 8b 2c 07 49 8b 80 28 01 00 00
0x000000005d4cd24d:   66 41 0f 6e 88 e0 00 00 00 49 63 4d 28 0f 5a c9
0x000000005d4cd25d:   8b 0c 88 49 8b 40 70 48 8b 40 20 8b d1 44 8b c9
0x000000005d4cd26d:   48 6b d2 70 f2 0f 10 44 10 10 66 0f 2f c1 0f 82 


Register to memory mapping:

RAX=0x000000001ecba020 is an unknown value
RBX=0x000000001e38ad10 is an unknown value
RCX=0x0000000019a9c9f8 is an unknown value
RDX=0x000000000000001f is an unknown value
RSP=0x000000001963c720 is pointing into the stack for thread: 0x0000000017ee5800
RBP=0x000000000000001f is an unknown value
RSI=0x000000001b1474b0 is an unknown value
RDI=0x0000000000003d82 is an unknown value
R8 =0x000000001963cb50 is pointing into the stack for thread: 0x0000000017ee5800
R9 =0x000000000000015d is an unknown value
R10=0x000000002006adf0 is an unknown value
R11=0x0000000000001300 is an unknown value
R12=0x000000001963c900 is pointing into the stack for thread: 0x0000000017ee5800
R13=0x000000001a5c3258 is an unknown value
R14=0x00000000207986f0 is an unknown value
R15=0x00000000000000f8 is an unknown value


Stack: [0x0000000019540000,0x0000000019640000],  sp=0x000000001963c720,  free space=1009k
Native frames: (J=compiled Java code, j=interpreted, Vv=VM code, C=native code)
V  [jvm.dll+0x43d25d]
V  [jvm.dll+0x43a836]
V  [jvm.dll+0x4456ab]
V  [jvm.dll+0x447fa8]
V  [jvm.dll+0x42b072]
V  [jvm.dll+0x8230f]
V  [jvm.dll+0x82c7f]
V  [jvm.dll+0x220b7f]
V  [jvm.dll+0x27276a]
C  [msvcr100.dll+0x21d9f]
C  [msvcr100.dll+0x21e3b]
C  [KERNEL32.DLL+0x17034]
C  [ntdll.dll+0x52651]


Current CompileTask:
C2:   8013 3685       4       java.net.URLClassLoader$1::run (5 bytes)


---------------  P R O C E S S  ---------------

Java Threads: ( => current thread )
  0x000000001bfdc000 JavaThread "jar transforms Thread 92" [_thread_blocked, id=8372, stack(0x0000000028820000,0x0000000028920000)]
  0x000000001bfde000 JavaThread "jar transforms Thread 91" [_thread_blocked, id=8376, stack(0x0000000028720000,0x0000000028820000)]
  0x000000001bfdb000 JavaThread "jar transforms Thread 90" [_thread_blocked, id=10064, stack(0x0000000028620000,0x0000000028720000)]
  0x000000001bfda800 JavaThread "jar transforms Thread 89" [_thread_blocked, id=6232, stack(0x0000000028520000,0x0000000028620000)]
  0x000000001bfd3000 JavaThread "jar transforms Thread 88" [_thread_blocked, id=8204, stack(0x0000000028420000,0x0000000028520000)]
  0x000000001bfd9800 JavaThread "jar transforms Thread 87" [_thread_blocked, id=1052, stack(0x0000000028320000,0x0000000028420000)]
  0x000000001bfd2000 JavaThread "jar transforms Thread 86" [_thread_blocked, id=8724, stack(0x0000000028220000,0x0000000028320000)]
  0x000000001bfd8000 JavaThread "jar transforms Thread 85" [_thread_blocked, id=10004, stack(0x0000000028120000,0x0000000028220000)]
  0x000000001bfd7800 JavaThread "jar transforms Thread 84" [_thread_blocked, id=8576, stack(0x0000000028020000,0x0000000028120000)]
  0x000000001bfd4800 JavaThread "jar transforms Thread 83" [_thread_blocked, id=8588, stack(0x0000000027f20000,0x0000000028020000)]
  0x000000001bfd6800 JavaThread "jar transforms Thread 82" [_thread_blocked, id=8684, stack(0x0000000027e20000,0x0000000027f20000)]
  0x000000001bfd9000 JavaThread "jar transforms Thread 81" [_thread_blocked, id=4700, stack(0x0000000027d20000,0x0000000027e20000)]
  0x000000001bfd3800 JavaThread "jar transforms Thread 80" [_thread_blocked, id=8300, stack(0x0000000027c20000,0x0000000027d20000)]
  0x000000001bfd6000 JavaThread "jar transforms Thread 79" [_thread_blocked, id=6308, stack(0x0000000027b20000,0x0000000027c20000)]
  0x000000001bfd5000 JavaThread "jar transforms Thread 78" [_thread_blocked, id=11888, stack(0x0000000027a20000,0x0000000027b20000)]
  0x000000001bcd2800 JavaThread "jar transforms Thread 77" [_thread_blocked, id=5788, stack(0x0000000027920000,0x0000000027a20000)]
  0x000000001bcd6000 JavaThread "jar transforms Thread 76" [_thread_blocked, id=8532, stack(0x0000000027820000,0x0000000027920000)]
  0x000000001bcd9000 JavaThread "jar transforms Thread 75" [_thread_blocked, id=11600, stack(0x0000000027720000,0x0000000027820000)]
  0x000000001bcd5800 JavaThread "jar transforms Thread 74" [_thread_blocked, id=11656, stack(0x0000000027620000,0x0000000027720000)]
  0x000000001bcd4000 JavaThread "jar transforms Thread 73" [_thread_blocked, id=10392, stack(0x0000000027520000,0x0000000027620000)]
  0x000000001bcd1800 JavaThread "jar transforms Thread 72" [_thread_blocked, id=6800, stack(0x0000000027420000,0x0000000027520000)]
  0x000000001bcd4800 JavaThread "jar transforms Thread 71" [_thread_blocked, id=9144, stack(0x0000000027320000,0x0000000027420000)]
  0x000000001bcd7800 JavaThread "jar transforms Thread 70" [_thread_blocked, id=1152, stack(0x0000000027220000,0x0000000027320000)]
  0x000000001bcd7000 JavaThread "jar transforms Thread 69" [_thread_blocked, id=1732, stack(0x0000000027120000,0x0000000027220000)]
  0x000000001bcd3000 JavaThread "jar transforms Thread 68" [_thread_blocked, id=12012, stack(0x0000000027020000,0x0000000027120000)]
  0x000000001bcd8800 JavaThread "jar transforms Thread 67" [_thread_blocked, id=5724, stack(0x0000000026f20000,0x0000000027020000)]
  0x000000001bcca000 JavaThread "jar transforms Thread 66" [_thread_blocked, id=5720, stack(0x0000000026e20000,0x0000000026f20000)]
  0x000000001bcd0000 JavaThread "jar transforms Thread 65" [_thread_blocked, id=8692, stack(0x0000000026d20000,0x0000000026e20000)]
  0x000000001bccf800 JavaThread "jar transforms Thread 64" [_thread_blocked, id=8572, stack(0x0000000026c20000,0x0000000026d20000)]
  0x000000001bcce800 JavaThread "jar transforms Thread 63" [_thread_blocked, id=8584, stack(0x0000000026b20000,0x0000000026c20000)]
  0x000000001bccd000 JavaThread "jar transforms Thread 62" [_thread_blocked, id=12284, stack(0x0000000026a20000,0x0000000026b20000)]
  0x000000001bccc800 JavaThread "jar transforms Thread 61" [_thread_blocked, id=9768, stack(0x0000000026920000,0x0000000026a20000)]
  0x000000001bcce000 JavaThread "jar transforms Thread 60" [_thread_blocked, id=6532, stack(0x0000000026820000,0x0000000026920000)]
  0x000000001bccb000 JavaThread "jar transforms Thread 59" [_thread_blocked, id=8408, stack(0x0000000026720000,0x0000000026820000)]
  0x000000001bcd1000 JavaThread "jar transforms Thread 58" [_thread_blocked, id=11344, stack(0x0000000026620000,0x0000000026720000)]
  0x000000001bccb800 JavaThread "jar transforms Thread 57" [_thread_blocked, id=7952, stack(0x0000000026520000,0x0000000026620000)]
  0x000000001efc6000 JavaThread "jar transforms Thread 56" [_thread_blocked, id=7972, stack(0x0000000026420000,0x0000000026520000)]
  0x000000001efc5800 JavaThread "jar transforms Thread 55" [_thread_blocked, id=4572, stack(0x0000000026320000,0x0000000026420000)]
  0x000000001efbf800 JavaThread "jar transforms Thread 54" [_thread_blocked, id=6132, stack(0x0000000026220000,0x0000000026320000)]
  0x000000001efc4000 JavaThread "jar transforms Thread 53" [_thread_blocked, id=8428, stack(0x0000000026120000,0x0000000026220000)]
  0x000000001efc0000 JavaThread "jar transforms Thread 52" [_thread_blocked, id=11280, stack(0x0000000026020000,0x0000000026120000)]
  0x000000001efc4800 JavaThread "jar transforms Thread 51" [_thread_blocked, id=11372, stack(0x0000000025f20000,0x0000000026020000)]
  0x000000001efbc800 JavaThread "jar transforms Thread 50" [_thread_blocked, id=10304, stack(0x0000000025e20000,0x0000000025f20000)]
  0x000000001efc2800 JavaThread "jar transforms Thread 49" [_thread_blocked, id=11532, stack(0x0000000025d20000,0x0000000025e20000)]
  0x000000001efc1800 JavaThread "jar transforms Thread 48" [_thread_blocked, id=7924, stack(0x0000000025c20000,0x0000000025d20000)]
  0x000000001efc3000 JavaThread "jar transforms Thread 47" [_thread_blocked, id=8160, stack(0x0000000025b20000,0x0000000025c20000)]
  0x000000001efbe800 JavaThread "jar transforms Thread 46" [_thread_blocked, id=7184, stack(0x0000000025a20000,0x0000000025b20000)]
  0x000000001efc1000 JavaThread "jar transforms Thread 45" [_thread_blocked, id=11880, stack(0x0000000025920000,0x0000000025a20000)]
  0x000000001efb7000 JavaThread "jar transforms Thread 44" [_thread_blocked, id=7948, stack(0x0000000025820000,0x0000000025920000)]
  0x000000001efbb000 JavaThread "jar transforms Thread 43" [_thread_blocked, id=7960, stack(0x0000000025720000,0x0000000025820000)]
  0x000000001efba000 JavaThread "jar transforms Thread 42" [_thread_blocked, id=7916, stack(0x0000000025620000,0x0000000025720000)]
  0x000000001efbd000 JavaThread "jar transforms Thread 41" [_thread_blocked, id=10048, stack(0x0000000025520000,0x0000000025620000)]
  0x000000001efb9800 JavaThread "jar transforms Thread 40" [_thread_blocked, id=8000, stack(0x0000000025420000,0x0000000025520000)]
  0x000000001efb8800 JavaThread "jar transforms Thread 39" [_thread_blocked, id=7904, stack(0x0000000025320000,0x0000000025420000)]
  0x000000001efbe000 JavaThread "jar transforms Thread 38" [_thread_blocked, id=7980, stack(0x0000000025220000,0x0000000025320000)]
  0x000000001efb8000 JavaThread "jar transforms Thread 37" [_thread_blocked, id=8080, stack(0x0000000025120000,0x0000000025220000)]
  0x000000001efbb800 JavaThread "jar transforms Thread 36" [_thread_blocked, id=8108, stack(0x0000000025020000,0x0000000025120000)]
  0x000000001c0a0800 JavaThread "jar transforms Thread 35" [_thread_blocked, id=10336, stack(0x0000000024f20000,0x0000000025020000)]
  0x000000001c0a4800 JavaThread "jar transforms Thread 34" [_thread_blocked, id=8388, stack(0x0000000024e20000,0x0000000024f20000)]
  0x000000001c0a3000 JavaThread "jar transforms Thread 33" [_thread_blocked, id=11176, stack(0x0000000024d20000,0x0000000024e20000)]
  0x000000001c0a0000 JavaThread "jar transforms Thread 32" [_thread_blocked, id=1804, stack(0x0000000024c20000,0x0000000024d20000)]
  0x000000001c0a2000 JavaThread "jar transforms Thread 31" [_thread_blocked, id=8320, stack(0x0000000024b20000,0x0000000024c20000)]
  0x000000001c0a3800 JavaThread "jar transforms Thread 30" [_thread_blocked, id=896, stack(0x0000000024a20000,0x0000000024b20000)]
  0x000000001c09f000 JavaThread "jar transforms Thread 29" [_thread_blocked, id=5924, stack(0x0000000024920000,0x0000000024a20000)]
  0x000000001c09e800 JavaThread "jar transforms Thread 28" [_thread_blocked, id=9924, stack(0x0000000024820000,0x0000000024920000)]
  0x000000001c0a1800 JavaThread "jar transforms Thread 27" [_thread_blocked, id=10488, stack(0x0000000024720000,0x0000000024820000)]
  0x000000001c097000 JavaThread "jar transforms Thread 26" [_thread_blocked, id=6024, stack(0x0000000024620000,0x0000000024720000)]
  0x000000001c09d800 JavaThread "jar transforms Thread 25" [_thread_blocked, id=7448, stack(0x0000000024520000,0x0000000024620000)]
  0x000000001c096000 JavaThread "jar transforms Thread 24" [_thread_blocked, id=11316, stack(0x0000000024420000,0x0000000024520000)]
  0x000000001c09d000 JavaThread "jar transforms Thread 23" [_thread_blocked, id=2124, stack(0x0000000024320000,0x0000000024420000)]
  0x000000001c095800 JavaThread "jar transforms Thread 22" [_thread_blocked, id=2408, stack(0x0000000024220000,0x0000000024320000)]
  0x000000001c09a000 JavaThread "jar transforms Thread 21" [_thread_blocked, id=11872, stack(0x0000000024120000,0x0000000024220000)]
  0x000000001c09c000 JavaThread "jar transforms Thread 20" [_thread_blocked, id=3536, stack(0x0000000024020000,0x0000000024120000)]
  0x000000001c099000 JavaThread "jar transforms Thread 19" [_thread_blocked, id=2132, stack(0x0000000023f20000,0x0000000024020000)]
  0x000000001c098800 JavaThread "jar transforms Thread 18" [_thread_blocked, id=12048, stack(0x0000000023e20000,0x0000000023f20000)]
  0x000000001c09b800 JavaThread "jar transforms Thread 17" [_thread_blocked, id=7016, stack(0x0000000023d20000,0x0000000023e20000)]
  0x000000001c09a800 JavaThread "jar transforms Thread 16" [_thread_blocked, id=7524, stack(0x0000000023c20000,0x0000000023d20000)]
  0x000000001c097800 JavaThread "jar transforms Thread 15" [_thread_blocked, id=7712, stack(0x0000000023b20000,0x0000000023c20000)]
  0x000000001efa1800 JavaThread "jar transforms Thread 14" [_thread_blocked, id=8120, stack(0x0000000023a20000,0x0000000023b20000)]
  0x000000001efa1000 JavaThread "jar transforms Thread 13" [_thread_blocked, id=8872, stack(0x0000000023920000,0x0000000023a20000)]
  0x000000001ef9f800 JavaThread "jar transforms Thread 12" [_thread_blocked, id=7612, stack(0x0000000023820000,0x0000000023920000)]
  0x000000001efa0000 JavaThread "jar transforms Thread 11" [_thread_blocked, id=512, stack(0x0000000023720000,0x0000000023820000)]
  0x000000001ef9e800 JavaThread "jar transforms Thread 10" [_thread_blocked, id=3856, stack(0x0000000023520000,0x0000000023620000)]
  0x000000001efa2800 JavaThread "jar transforms Thread 9" [_thread_blocked, id=11936, stack(0x0000000023420000,0x0000000023520000)]
  0x000000001ef97000 JavaThread "jar transforms Thread 8" [_thread_blocked, id=7224, stack(0x0000000023320000,0x0000000023420000)]
  0x000000001ef9e000 JavaThread "jar transforms Thread 7" [_thread_blocked, id=8712, stack(0x0000000023220000,0x0000000023320000)]
  0x000000001ef9b800 JavaThread "jar transforms Thread 6" [_thread_blocked, id=12156, stack(0x0000000023120000,0x0000000023220000)]
  0x000000001ef9d000 JavaThread "jar transforms Thread 5" [_thread_blocked, id=8912, stack(0x0000000023020000,0x0000000023120000)]
  0x000000001ef9c800 JavaThread "jar transforms Thread 4" [_thread_blocked, id=10888, stack(0x0000000022f20000,0x0000000023020000)]
  0x000000001ef96800 JavaThread "jar transforms Thread 3" [_thread_blocked, id=11376, stack(0x0000000022e20000,0x0000000022f20000)]
  0x000000001ef94000 JavaThread "jar transforms Thread 2" [_thread_blocked, id=8908, stack(0x0000000022d20000,0x0000000022e20000)]
  0x000000001ef95800 JavaThread "Build operations Thread 4" [_thread_blocked, id=11816, stack(0x0000000022c20000,0x0000000022d20000)]
  0x000000001ef9b000 JavaThread "Build operations Thread 3" [_thread_blocked, id=7520, stack(0x0000000022b20000,0x0000000022c20000)]
  0x000000001ef9a000 JavaThread "Build operations Thread 2" [_thread_blocked, id=8968, stack(0x0000000022a20000,0x0000000022b20000)]
  0x000000001ef98800 JavaThread "Build operations" [_thread_blocked, id=11476, stack(0x0000000022920000,0x0000000022a20000)]
  0x000000001a7ae800 JavaThread "Cache worker for file content cache (C:\Users\KhanLala\.gradle\caches\6.5\fileContent)" [_thread_blocked, id=9692, stack(0x0000000022220000,0x0000000022320000)]
  0x000000001a7ac000 JavaThread "jar transforms" [_thread_blocked, id=480, stack(0x0000000021960000,0x0000000021a60000)]
  0x000000001a7b3000 JavaThread "Cache worker for execution history cache (C:\Users\KhanLala\.gradle\caches\6.5\executionHistory)" [_thread_blocked, id=10480, stack(0x0000000021860000,0x0000000021960000)]
  0x000000001a7b0000 JavaThread "Cache worker for cache directory md-rule (C:\Users\KhanLala\.gradle\caches\6.5\md-rule)" [_thread_blocked, id=11856, stack(0x0000000021760000,0x0000000021860000)]
  0x000000001a7af000 JavaThread "Cache worker for cache directory md-supplier (C:\Users\KhanLala\.gradle\caches\6.5\md-supplier)" [_thread_blocked, id=9660, stack(0x0000000020400000,0x0000000020500000)]
  0x000000001a7b2800 JavaThread "Cache worker for checksums cache (C:\AndroidProjects\HalalFoodAuthority\.gradle\checksums)" [_thread_blocked, id=1216, stack(0x0000000020300000,0x0000000020400000)]
  0x000000001a7ad800 JavaThread "Cache worker for file hash cache (C:\AndroidProjects\HalalFoodAuthority\.gradle\6.5\fileHashes)" [_thread_blocked, id=2004, stack(0x0000000021b20000,0x0000000021c20000)]
  0x000000001a7b0800 JavaThread "Cache worker for file hash cache (C:\Users\KhanLala\.gradle\caches\6.5\fileHashes)" [_thread_blocked, id=8664, stack(0x000000001de60000,0x000000001df60000)]
  0x000000001a7b1800 JavaThread "File lock request listener" [_thread_in_native, id=3160, stack(0x000000001dd60000,0x000000001de60000)]
  0x000000001a788800 JavaThread "Cache worker for journal cache (C:\Users\KhanLala\.gradle\caches\journal-1)" [_thread_blocked, id=2724, stack(0x000000001dc60000,0x000000001dd60000)]
  0x000000001b90b000 JavaThread "Thread-9" [_thread_blocked, id=11408, stack(0x000000001d960000,0x000000001da60000)]
  0x000000001a0a9800 JavaThread "Stdin handler" [_thread_blocked, id=7784, stack(0x000000001d860000,0x000000001d960000)]
  0x000000001a07b800 JavaThread "Asynchronous log dispatcher for DefaultDaemonConnection: socket connection from /127.0.0.1:50436 to /127.0.0.1:50437" [_thread_blocked, id=5184, stack(0x000000001d760000,0x000000001d860000)]
  0x000000001b90c000 JavaThread "Daemon worker" [_thread_in_Java, id=5748, stack(0x000000001d660000,0x000000001d760000)]
  0x000000001a075800 JavaThread "Cancel handler" [_thread_blocked, id=1980, stack(0x000000001d560000,0x000000001d660000)]
  0x000000001b8aa800 JavaThread "Handler for socket connection from /127.0.0.1:50436 to /127.0.0.1:50437" [_thread_in_native, id=8352, stack(0x000000001d460000,0x000000001d560000)]
  0x000000001b848800 JavaThread "Daemon" [_thread_blocked, id=6464, stack(0x000000001d360000,0x000000001d460000)]
  0x000000001b847800 JavaThread "Daemon periodic checks" [_thread_blocked, id=3076, stack(0x000000001d060000,0x000000001d160000)]
  0x000000001b846000 JavaThread "Incoming local TCP Connector on port 50436" [_thread_in_native, id=12116, stack(0x000000001ce20000,0x000000001cf20000)]
  0x000000001b7a9800 JavaThread "Daemon health stats" [_thread_blocked, id=7908, stack(0x000000001c7e0000,0x000000001c8e0000)]
  0x0000000017f3e800 JavaThread "Service Thread" daemon [_thread_blocked, id=7944, stack(0x0000000019c40000,0x0000000019d40000)]
  0x0000000017efb800 JavaThread "C1 CompilerThread2" daemon [_thread_blocked, id=7516, stack(0x0000000019740000,0x0000000019840000)]
  0x0000000017eea000 JavaThread "C2 CompilerThread1" daemon [_thread_in_native, id=8020, stack(0x0000000019640000,0x0000000019740000)]
=>0x0000000017ee5800 JavaThread "C2 CompilerThread0" daemon [_thread_in_native, id=7800, stack(0x0000000019540000,0x0000000019640000)]
  0x0000000017ee4000 JavaThread "Attach Listener" daemon [_thread_blocked, id=7956, stack(0x0000000019440000,0x0000000019540000)]
  0x0000000017ee0800 JavaThread "Signal Dispatcher" daemon [_thread_blocked, id=1964, stack(0x0000000019340000,0x0000000019440000)]
  0x00000000032bb000 JavaThread "Finalizer" daemon [_thread_blocked, id=7848, stack(0x0000000019140000,0x0000000019240000)]
  0x0000000017ec9000 JavaThread "Reference Handler" daemon [_thread_blocked, id=536, stack(0x0000000019040000,0x0000000019140000)]
  0x000000000301e000 JavaThread "main" [_thread_blocked, id=6300, stack(0x0000000003040000,0x0000000003140000)]

Other Threads:
  0x0000000017ea6000 VMThread [stack: 0x0000000018f40000,0x0000000019040000] [id=8772]
  0x0000000019871800 WatcherThread [stack: 0x0000000019d40000,0x0000000019e40000] [id=6808]

VM state:not at safepoint (normal execution)

VM Mutex/Monitor currently owned by a thread: None

heap address: 0x0000000080000000, size: 2048 MB, Compressed Oops mode: 32-bit
Narrow klass base: 0x0000000000000000, Narrow klass shift: 3
Compressed class space size: 1073741824 Address: 0x0000000100000000

Heap:
 PSYoungGen      total 137216K, used 125679K [0x00000000d5580000, 0x00000000e1600000, 0x0000000100000000)
  eden space 125952K, 99% used [0x00000000d5580000,0x00000000dd03bcc0,0x00000000dd080000)
  from space 11264K, 0% used [0x00000000dd080000,0x00000000dd080000,0x00000000ddb80000)
  to   space 12800K, 0% used [0x00000000e0980000,0x00000000e0980000,0x00000000e1600000)
 ParOldGen       total 76800K, used 17310K [0x0000000080000000, 0x0000000084b00000, 0x00000000d5580000)
  object space 76800K, 22% used [0x0000000080000000,0x00000000810e7980,0x0000000084b00000)
 Metaspace       used 38718K, capacity 40328K, committed 40616K, reserved 1083392K
  class space    used 5335K, capacity 5708K, committed 5808K, reserved 1048576K

Card table byte_map: [0x0000000012680000,0x0000000012a90000] byte_map_base: 0x0000000012280000

Marking Bits: (ParMarkBitMap*) 0x000000005d85f030
 Begin Bits: [0x0000000013140000, 0x0000000015140000)
 End Bits:   [0x0000000015140000, 0x0000000017140000)

Polling page: 0x0000000003000000

CodeCache: size=245760Kb used=12198Kb max_used=12681Kb free=233561Kb
 bounds [0x00000000032c0000, 0x0000000003f30000, 0x00000000122c0000]
 total_blobs=4285 nmethods=3580 adapters=617
 compilation: enabled

Compilation events (10 events):
Event: 7.959 Thread 0x0000000017efb800 nmethod 3787 0x00000000035dcf10 code [0x00000000035dd0a0, 0x00000000035dd6d0]
Event: 7.959 Thread 0x0000000017efb800 3788       3       com.google.common.collect.MapMakerInternalMap$StrongKeyWeakValueEntry$Helper::newEntry (12 bytes)
Event: 7.959 Thread 0x0000000017efb800 nmethod 3788 0x00000000035e2e10 code [0x00000000035e2f80, 0x00000000035e32f0]
Event: 7.959 Thread 0x0000000017efb800 3789       3       com.google.common.collect.MapMakerInternalMap$1::clear (1 bytes)
Event: 7.959 Thread 0x0000000017efb800 nmethod 3789 0x000000000345a9d0 code [0x000000000345ab20, 0x000000000345ac70]
Event: 7.963 Thread 0x0000000017efb800 3792       3       java.util.concurrent.ConcurrentHashMap::resizeStamp (13 bytes)
Event: 7.963 Thread 0x0000000017efb800 nmethod 3792 0x0000000003535d90 code [0x0000000003535f00, 0x0000000003536088]
Event: 7.969 Thread 0x0000000017efb800 3793       3       org.gradle.internal.classloader.FilteringClassLoader::classAllowed (80 bytes)
Event: 7.970 Thread 0x0000000017efb800 nmethod 3793 0x0000000003461690 code [0x00000000034618a0, 0x00000000034623f8]
Event: 7.973 Thread 0x0000000017efb800 3794       3       jdk.internal.org.objectweb.asm.FieldWriter::getSize (262 bytes)

GC Heap History (10 events):
Event: 4.165 GC heap before
{Heap before GC invocations=7 (full 0):
 PSYoungGen      total 74240K, used 13974K [0x00000000d5580000, 0x00000000daa80000, 0x0000000100000000)
  eden space 64512K, 8% used [0x00000000d5580000,0x00000000d5aa41f0,0x00000000d9480000)
  from space 9728K, 89% used [0x00000000d9f00000,0x00000000da781730,0x00000000da880000)
  to   space 10752K, 0% used [0x00000000d9480000,0x00000000d9480000,0x00000000d9f00000)
 ParOldGen       total 86016K, used 6074K [0x0000000080000000, 0x0000000085400000, 0x00000000d5580000)
  object space 86016K, 7% used [0x0000000080000000,0x00000000805ee9b0,0x0000000085400000)
 Metaspace       used 20598K, capacity 21212K, committed 21296K, reserved 1067008K
  class space    used 2872K, capacity 3076K, committed 3120K, reserved 1048576K
Event: 4.175 GC heap after
Heap after GC invocations=7 (full 0):
 PSYoungGen      total 75264K, used 3796K [0x00000000d5580000, 0x00000000de880000, 0x0000000100000000)
  eden space 64512K, 0% used [0x00000000d5580000,0x00000000d5580000,0x00000000d9480000)
  from space 10752K, 35% used [0x00000000d9480000,0x00000000d9835040,0x00000000d9f00000)
  to   space 10752K, 0% used [0x00000000dde00000,0x00000000dde00000,0x00000000de880000)
 ParOldGen       total 86016K, used 8462K [0x0000000080000000, 0x0000000085400000, 0x00000000d5580000)
  object space 86016K, 9% used [0x0000000080000000,0x0000000080843a10,0x0000000085400000)
 Metaspace       used 20598K, capacity 21212K, committed 21296K, reserved 1067008K
  class space    used 2872K, capacity 3076K, committed 3120K, reserved 1048576K
}
Event: 4.175 GC heap before
{Heap before GC invocations=8 (full 1):
 PSYoungGen      total 75264K, used 3796K [0x00000000d5580000, 0x00000000de880000, 0x0000000100000000)
  eden space 64512K, 0% used [0x00000000d5580000,0x00000000d5580000,0x00000000d9480000)
  from space 10752K, 35% used [0x00000000d9480000,0x00000000d9835040,0x00000000d9f00000)
  to   space 10752K, 0% used [0x00000000dde00000,0x00000000dde00000,0x00000000de880000)
 ParOldGen       total 86016K, used 8462K [0x0000000080000000, 0x0000000085400000, 0x00000000d5580000)
  object space 86016K, 9% used [0x0000000080000000,0x0000000080843a10,0x0000000085400000)
 Metaspace       used 20598K, capacity 21212K, committed 21296K, reserved 1067008K
  class space    used 2872K, capacity 3076K, committed 3120K, reserved 1048576K
Event: 4.223 GC heap after
Heap after GC invocations=8 (full 1):
 PSYoungGen      total 75264K, used 0K [0x00000000d5580000, 0x00000000de880000, 0x0000000100000000)
  eden space 64512K, 0% used [0x00000000d5580000,0x00000000d5580000,0x00000000d9480000)
  from space 10752K, 0% used [0x00000000d9480000,0x00000000d9480000,0x00000000d9f00000)
  to   space 10752K, 0% used [0x00000000dde00000,0x00000000dde00000,0x00000000de880000)
 ParOldGen       total 49664K, used 6777K [0x0000000080000000, 0x0000000083080000, 0x00000000d5580000)
  object space 49664K, 13% used [0x0000000080000000,0x000000008069e748,0x0000000083080000)
 Metaspace       used 20598K, capacity 21212K, committed 21296K, reserved 1067008K
  class space    used 2872K, capacity 3076K, committed 3120K, reserved 1048576K
}
Event: 5.205 GC heap before
{Heap before GC invocations=9 (full 1):
 PSYoungGen      total 75264K, used 64512K [0x00000000d5580000, 0x00000000de880000, 0x0000000100000000)
  eden space 64512K, 100% used [0x00000000d5580000,0x00000000d9480000,0x00000000d9480000)
  from space 10752K, 0% used [0x00000000d9480000,0x00000000d9480000,0x00000000d9f00000)
  to   space 10752K, 0% used [0x00000000dde00000,0x00000000dde00000,0x00000000de880000)
 ParOldGen       total 49664K, used 6777K [0x0000000080000000, 0x0000000083080000, 0x00000000d5580000)
  object space 49664K, 13% used [0x0000000080000000,0x000000008069e748,0x0000000083080000)
 Metaspace       used 28692K, capacity 29528K, committed 29616K, reserved 1075200K
  class space    used 3970K, capacity 4220K, committed 4272K, reserved 1048576K
Event: 5.223 GC heap after
Heap after GC invocations=9 (full 1):
 PSYoungGen      total 124928K, used 8365K [0x00000000d5580000, 0x00000000de680000, 0x0000000100000000)
  eden space 116224K, 0% used [0x00000000d5580000,0x00000000d5580000,0x00000000dc700000)
  from space 8704K, 96% used [0x00000000dde00000,0x00000000de62b780,0x00000000de680000)
  to   space 11264K, 0% used [0x00000000dd080000,0x00000000dd080000,0x00000000ddb80000)
 ParOldGen       total 49664K, used 6785K [0x0000000080000000, 0x0000000083080000, 0x00000000d5580000)
  object space 49664K, 13% used [0x0000000080000000,0x00000000806a0748,0x0000000083080000)
 Metaspace       used 28692K, capacity 29528K, committed 29616K, reserved 1075200K
  class space    used 3970K, capacity 4220K, committed 4272K, reserved 1048576K
}
Event: 6.387 GC heap before
{Heap before GC invocations=10 (full 1):
 PSYoungGen      total 124928K, used 103391K [0x00000000d5580000, 0x00000000de680000, 0x0000000100000000)
  eden space 116224K, 81% used [0x00000000d5580000,0x00000000db24c7d8,0x00000000dc700000)
  from space 8704K, 96% used [0x00000000dde00000,0x00000000de62b780,0x00000000de680000)
  to   space 11264K, 0% used [0x00000000dd080000,0x00000000dd080000,0x00000000ddb80000)
 ParOldGen       total 49664K, used 6785K [0x0000000080000000, 0x0000000083080000, 0x00000000d5580000)
  object space 49664K, 13% used [0x0000000080000000,0x00000000806a0748,0x0000000083080000)
 Metaspace       used 34302K, capacity 35402K, committed 35496K, reserved 1079296K
  class space    used 4712K, capacity 5002K, committed 5040K, reserved 1048576K
Event: 6.423 GC heap after
Heap after GC invocations=10 (full 1):
 PSYoungGen      total 137216K, used 11107K [0x00000000d5580000, 0x00000000e1600000, 0x0000000100000000)
  eden space 125952K, 0% used [0x00000000d5580000,0x00000000d5580000,0x00000000dd080000)
  from space 11264K, 98% used [0x00000000dd080000,0x00000000ddb58e58,0x00000000ddb80000)
  to   space 12800K, 0% used [0x00000000e0980000,0x00000000e0980000,0x00000000e1600000)
 ParOldGen       total 49664K, used 6793K [0x0000000080000000, 0x0000000083080000, 0x00000000d5580000)
  object space 49664K, 13% used [0x0000000080000000,0x00000000806a2748,0x0000000083080000)
 Metaspace       used 34302K, capacity 35402K, committed 35496K, reserved 1079296K
  class space    used 4712K, capacity 5002K, committed 5040K, reserved 1048576K
}
Event: 6.423 GC heap before
{Heap before GC invocations=11 (full 2):
 PSYoungGen      total 137216K, used 11107K [0x00000000d5580000, 0x00000000e1600000, 0x0000000100000000)
  eden space 125952K, 0% used [0x00000000d5580000,0x00000000d5580000,0x00000000dd080000)
  from space 11264K, 98% used [0x00000000dd080000,0x00000000ddb58e58,0x00000000ddb80000)
  to   space 12800K, 0% used [0x00000000e0980000,0x00000000e0980000,0x00000000e1600000)
 ParOldGen       total 49664K, used 6793K [0x0000000080000000, 0x0000000083080000, 0x00000000d5580000)
  object space 49664K, 13% used [0x0000000080000000,0x00000000806a2748,0x0000000083080000)
 Metaspace       used 34302K, capacity 35402K, committed 35496K, reserved 1079296K
  class space    used 4712K, capacity 5002K, committed 5040K, reserved 1048576K
Event: 6.539 GC heap after
Heap after GC invocations=11 (full 2):
 PSYoungGen      total 137216K, used 0K [0x00000000d5580000, 0x00000000e1600000, 0x0000000100000000)
  eden space 125952K, 0% used [0x00000000d5580000,0x00000000d5580000,0x00000000dd080000)
  from space 11264K, 0% used [0x00000000dd080000,0x00000000dd080000,0x00000000ddb80000)
  to   space 12800K, 0% used [0x00000000e0980000,0x00000000e0980000,0x00000000e1600000)
 ParOldGen       total 76800K, used 17310K [0x0000000080000000, 0x0000000084b00000, 0x00000000d5580000)
  object space 76800K, 22% used [0x0000000080000000,0x00000000810e7980,0x0000000084b00000)
 Metaspace       used 34302K, capacity 35402K, committed 35496K, reserved 1079296K
  class space    used 4712K, capacity 5002K, committed 5040K, reserved 1048576K
}

Deoptimization events (10 events):
Event: 7.118 Thread 0x000000001ef9a000 Uncommon trap: reason=unstable_if action=reinterpret pc=0x00000000037afb9c method=java.util.concurrent.ConcurrentHashMap.addCount(JI)V @ 34
Event: 7.118 Thread 0x000000001ef9b000 Uncommon trap: reason=unstable_if action=reinterpret pc=0x0000000003901390 method=java.util.concurrent.ConcurrentHashMap.addCount(JI)V @ 34
Event: 7.286 Thread 0x000000001a7ac000 Uncommon trap: reason=unstable_if action=reinterpret pc=0x00000000033db2dc method=java.util.concurrent.SynchronousQueue$TransferStack.shouldSpin(Ljava/util/concurrent/SynchronousQueue$TransferStack$SNode;)Z @ 7
Event: 7.363 Thread 0x000000001b90c000 Uncommon trap: reason=unstable_if action=reinterpret pc=0x0000000003652384 method=java.util.jar.JarFile.match([C[B[I[I)Z @ 29
Event: 7.432 Thread 0x000000001b90c000 Uncommon trap: reason=bimorphic action=maybe_recompile pc=0x0000000003bc3288 method=java.util.AbstractCollection.addAll(Ljava/util/Collection;)Z @ 29
Event: 7.506 Thread 0x000000001b90c000 Uncommon trap: reason=range_check action=make_not_entrant pc=0x0000000003d046b4 method=java.lang.String.charAt(I)C @ 27
Event: 7.588 Thread 0x000000001b90c000 Uncommon trap: reason=unstable_if action=reinterpret pc=0x000000000368dbd0 method=java.util.regex.Pattern.has(I)Z @ 6
Event: 7.590 Thread 0x000000001b90c000 Uncommon trap: reason=bimorphic action=maybe_recompile pc=0x0000000003bc3288 method=java.util.AbstractCollection.addAll(Ljava/util/Collection;)Z @ 29
Event: 7.660 Thread 0x000000001b90c000 Uncommon trap: reason=predicate action=maybe_recompile pc=0x00000000038ad788 method=com.google.common.base.CharMatcher.indexIn(Ljava/lang/CharSequence;I)I @ 22
Event: 7.971 Thread 0x000000001b90c000 Uncommon trap: reason=unstable_if action=reinterpret pc=0x0000000003a57874 method=java.io.BufferedInputStream.read([BII)I @ 56

Classes redefined (0 events):
No events

Internal exceptions (10 events):
Event: 7.608 Thread 0x000000001b90b000 Exception <a 'java/lang/NoSuchMethodError': <clinit>> (0x00000000d57dbca8) thrown at [C:\src\AOSP-openjdk-git\hotspot\src\share\vm\prims\jni.cpp, line 1615]
Event: 7.610 Thread 0x000000001b90b000 Exception <a 'java/lang/NoSuchMethodError': <clinit>> (0x00000000d57e60d0) thrown at [C:\src\AOSP-openjdk-git\hotspot\src\share\vm\prims\jni.cpp, line 1615]
Event: 7.613 Thread 0x000000001b90b000 Exception <a 'java/lang/NoSuchMethodError': <clinit>> (0x00000000d57f1160) thrown at [C:\src\AOSP-openjdk-git\hotspot\src\share\vm\prims\jni.cpp, line 1615]
Event: 7.616 Thread 0x000000001b90b000 Exception <a 'java/lang/NoSuchMethodError': <clinit>> (0x00000000dbe632c8) thrown at [C:\src\AOSP-openjdk-git\hotspot\src\share\vm\prims\jni.cpp, line 1615]
Event: 7.625 Thread 0x000000001b90c000 Exception <a 'java/lang/ClassNotFoundException': build_5s294v1akcex1mc0nj51ed29nBeanInfo> (0x00000000dbef0d90) thrown at [C:\src\AOSP-openjdk-git\hotspot\src\share\vm\classfile\systemDictionary.cpp, line 210]
Event: 7.625 Thread 0x000000001b90c000 Exception <a 'java/lang/ClassNotFoundException': build_5s294v1akcex1mc0nj51ed29nCustomizer> (0x00000000dbefc9d0) thrown at [C:\src\AOSP-openjdk-git\hotspot\src\share\vm\classfile\systemDictionary.cpp, line 210]
Event: 7.655 Thread 0x000000001b90c000 Exception <a 'java/lang/ClassNotFoundException': org/gradle/plugin/use/internal/PluginRequestCollector$PluginDependenciesSpecImplBeanInfo> (0x00000000dbf9c7e0) thrown at [C:\src\AOSP-openjdk-git\hotspot\src\share\vm\classfile\systemDictionary.cpp, line 21
Event: 7.658 Thread 0x000000001b90c000 Exception <a 'java/lang/ClassNotFoundException': org/gradle/plugin/use/internal/PluginRequestCollector$PluginDependenciesSpecImplCustomizer> (0x00000000dbfdc720) thrown at [C:\src\AOSP-openjdk-git\hotspot\src\share\vm\classfile\systemDictionary.cpp, line 
Event: 7.714 Thread 0x000000001b90c000 Exception <a 'java/lang/ClassNotFoundException': org/gradle/api/internal/plugins/DefaultObjectConfigurationActionBeanInfo> (0x00000000dc2ccf20) thrown at [C:\src\AOSP-openjdk-git\hotspot\src\share\vm\classfile\systemDictionary.cpp, line 210]
Event: 7.715 Thread 0x000000001b90c000 Exception <a 'java/lang/ClassNotFoundException': org/gradle/api/internal/plugins/DefaultObjectConfigurationActionCustomizer> (0x00000000dc311280) thrown at [C:\src\AOSP-openjdk-git\hotspot\src\share\vm\classfile\systemDictionary.cpp, line 210]

Events (10 events):
Event: 7.972 loading class com/android/build/gradle/internal/NonFinalPluginExpiry$AndroidGradlePluginTooOldException
Event: 7.972 loading class com/android/build/gradle/internal/NonFinalPluginExpiry$AndroidGradlePluginTooOldException done
Event: 7.972 loading class java/time/temporal/ChronoUnit
Event: 7.972 loading class java/time/temporal/ChronoUnit done
Event: 7.973 loading class org/gradle/api/Project
Event: 7.973 loading class org/gradle/api/Project done
Event: 7.973 loading class com/android/build/gradle/internal/plugins/BasePlugin
Event: 7.973 loading class com/android/build/gradle/internal/plugins/BasePlugin done
Event: 7.973 loading class com/android/build/gradle/internal/crash/CrashReporting
Event: 7.973 loading class com/android/build/gradle/internal/crash/CrashReporting done


Dynamic libraries:
0x00007ff6f6690000 - 0x00007ff6f66c1000 	C:\Program Files\Android\Android Studio\jre\bin\java.exe
0x00007ff970ef0000 - 0x00007ff9710e5000 	C:\WINDOWS\SYSTEM32\ntdll.dll
0x00007ff96fdf0000 - 0x00007ff96feae000 	C:\WINDOWS\System32\KERNEL32.DLL
0x00007ff96e920000 - 0x00007ff96ebe9000 	C:\WINDOWS\System32\KERNELBASE.dll
0x00007ff9707f0000 - 0x00007ff97089c000 	C:\WINDOWS\System32\ADVAPI32.dll
0x00007ff96fc50000 - 0x00007ff96fcee000 	C:\WINDOWS\System32\msvcrt.dll
0x00007ff96fcf0000 - 0x00007ff96fd8b000 	C:\WINDOWS\System32\sechost.dll
0x00007ff970ab0000 - 0x00007ff970bda000 	C:\WINDOWS\System32\RPCRT4.dll
0x00007ff970be0000 - 0x00007ff970d81000 	C:\WINDOWS\System32\USER32.dll
0x00007ff96ed10000 - 0x00007ff96ed32000 	C:\WINDOWS\System32\win32u.dll
0x00007ff96fda0000 - 0x00007ff96fdcb000 	C:\WINDOWS\System32\GDI32.dll
0x00007ff96e760000 - 0x00007ff96e86b000 	C:\WINDOWS\System32\gdi32full.dll
0x00007ff96ed40000 - 0x00007ff96eddd000 	C:\WINDOWS\System32\msvcp_win.dll
0x00007ff96e610000 - 0x00007ff96e710000 	C:\WINDOWS\System32\ucrtbase.dll
0x00007ff95d310000 - 0x00007ff95d5aa000 	C:\WINDOWS\WinSxS\amd64_microsoft.windows.common-controls_6595b64144ccf1df_6.0.19041.1110_none_60b5254171f9507e\COMCTL32.dll
0x00007ff970610000 - 0x00007ff970640000 	C:\WINDOWS\System32\IMM32.DLL
0x000000005cfb0000 - 0x000000005d082000 	C:\Program Files\Android\Android Studio\jre\jre\bin\msvcr100.dll
0x000000005d090000 - 0x000000005d8db000 	C:\Program Files\Android\Android Studio\jre\jre\bin\server\jvm.dll
0x00007ff96fd90000 - 0x00007ff96fd98000 	C:\WINDOWS\System32\PSAPI.DLL
0x00007ff969290000 - 0x00007ff969299000 	C:\WINDOWS\SYSTEM32\WSOCK32.dll
0x00007ff95d5f0000 - 0x00007ff95d617000 	C:\WINDOWS\SYSTEM32\WINMM.dll
0x00007ff95d1e0000 - 0x00007ff95d1ea000 	C:\WINDOWS\SYSTEM32\VERSION.dll
0x00007ff970d90000 - 0x00007ff970dfb000 	C:\WINDOWS\System32\WS2_32.dll
0x00007ff969280000 - 0x00007ff96928f000 	C:\Program Files\Android\Android Studio\jre\jre\bin\verify.dll
0x00007ff95b2b0000 - 0x00007ff95b2d9000 	C:\Program Files\Android\Android Studio\jre\jre\bin\java.dll
0x00007ff969260000 - 0x00007ff969276000 	C:\Program Files\Android\Android Studio\jre\jre\bin\zip.dll
0x00007ff96f3c0000 - 0x00007ff96faff000 	C:\WINDOWS\System32\SHELL32.dll
0x00007ff96c710000 - 0x00007ff96cea0000 	C:\WINDOWS\SYSTEM32\windows.storage.dll
0x00007ff9700e0000 - 0x00007ff970435000 	C:\WINDOWS\System32\combase.dll
0x00007ff96df90000 - 0x00007ff96dfbc000 	C:\WINDOWS\SYSTEM32\Wldp.dll
0x00007ff970e00000 - 0x00007ff970ead000 	C:\WINDOWS\System32\SHCORE.dll
0x00007ff9709d0000 - 0x00007ff970a25000 	C:\WINDOWS\System32\shlwapi.dll
0x00007ff96e550000 - 0x00007ff96e56f000 	C:\WINDOWS\SYSTEM32\profapi.dll
0x00007ff965d40000 - 0x00007ff965d5a000 	C:\Program Files\Android\Android Studio\jre\jre\bin\net.dll
0x00007ff96dcf0000 - 0x00007ff96dd5a000 	C:\WINDOWS\system32\mswsock.dll
0x00007ff96a150000 - 0x00007ff96a163000 	C:\Program Files\Android\Android Studio\jre\jre\bin\nio.dll
0x00007ff96a180000 - 0x00007ff96a1a7000 	C:\Users\KhanLala\.gradle\native\f6784746aeab05261644944871eae4fe03e0ef1612fff0a4a95f87b438bc6780\windows-amd64\native-platform.dll
0x00007ff96be00000 - 0x00007ff96be0d000 	C:\Program Files\Android\Android Studio\jre\jre\bin\management.dll
0x00007ff96dee0000 - 0x00007ff96def8000 	C:\WINDOWS\SYSTEM32\CRYPTSP.dll
0x00007ff96d670000 - 0x00007ff96d6a4000 	C:\WINDOWS\system32\rsaenh.dll
0x00007ff96ec80000 - 0x00007ff96eca7000 	C:\WINDOWS\System32\bcrypt.dll
0x00007ff96e510000 - 0x00007ff96e53e000 	C:\WINDOWS\SYSTEM32\USERENV.dll
0x00007ff96ebf0000 - 0x00007ff96ec73000 	C:\WINDOWS\System32\bcryptprimitives.dll
0x00007ff96df00000 - 0x00007ff96df0c000 	C:\WINDOWS\SYSTEM32\CRYPTBASE.dll
0x00007ff96d9e0000 - 0x00007ff96da1b000 	C:\WINDOWS\SYSTEM32\IPHLPAPI.DLL
0x00007ff96fde0000 - 0x00007ff96fde8000 	C:\WINDOWS\System32\NSI.dll
0x00007ff961460000 - 0x00007ff961477000 	C:\WINDOWS\SYSTEM32\dhcpcsvc6.DLL
0x00007ff9639f0000 - 0x00007ff963a0d000 	C:\WINDOWS\SYSTEM32\dhcpcsvc.DLL
0x00007ff96da20000 - 0x00007ff96daec000 	C:\WINDOWS\SYSTEM32\DNSAPI.dll
0x00007ff963db0000 - 0x00007ff963dbb000 	C:\WINDOWS\SYSTEM32\WINNSI.DLL
0x00007ff95bed0000 - 0x00007ff95c0b4000 	C:\WINDOWS\SYSTEM32\dbghelp.dll

VM Arguments:
jvm_args: -Xmx2048m -Dfile.encoding=UTF-8 -Duser.country=US -Duser.language=en -Duser.variant 
java_command: org.gradle.launcher.daemon.bootstrap.GradleDaemon 6.5
java_class_path (initial): C:\Users\KhanLala\.gradle\wrapper\dists\gradle-6.5-bin\6nifqtx7604sqp1q6g8wikw7p\gradle-6.5\lib\gradle-launcher-6.5.jar
Launcher Type: SUN_STANDARD

Environment Variables:
JAVA_HOME=C:\Program Files\Java\jdk-13.0.1\bin
PATH=C:\WINDOWS\system32;C:\WINDOWS;C:\WINDOWS\System32\Wbem;C:\WINDOWS\System32\WindowsPowerShell\v1.0\;C:\WINDOWS\System32\OpenSSH\;C:\Program Files\Git\cmd;C:\Program Files\Java\jdk-13.0.1\bin;C:\flutter\bin;C:\dart-sdk\bin;C:\hadoop-3.3.1\hadoop-3.3.1\bin;C:\hadoop-3.3.1\hadoop-3.3.1\sbin;C:\Users\KhanLala\AppData\Local\Microsoft\WindowsApps;C:\Users\KhanLala\AppData\Local\GitHubDesktop\bin
USERNAME=KhanLala
OS=Windows_NT
PROCESSOR_IDENTIFIER=Intel64 Family 6 Model 58 Stepping 9, GenuineIntel



---------------  S Y S T E M  ---------------

OS: Windows 10.0 , 64 bit Build 19041 (10.0.19041.1202)

CPU:total 4 (initial active 4) (2 cores per cpu, 2 threads per core) family 6 model 58 stepping 9, cmov, cx8, fxsr, mmx, sse, sse2, sse3, ssse3, sse4.1, sse4.2, popcnt, avx, clmul, erms, ht, tsc, tscinvbit, tscinv

Memory: 4k page, physical 8251904k(3806424k free), swap 12446208k(7415344k free)

vm_info: OpenJDK 64-Bit Server VM (25.242-b01) for windows-amd64 JRE (1.8.0_242-release-1644-b01), built by "builder" with MS VC++ 10.0 (VS2010)

time: Thu Mar 24 00:05:12 2022
timezone: Pakistan Standard Time
elapsed time: 8 seconds (0d 0h 0m 8s)

