#
# A fatal error has been detected by the Java Runtime Environment:
#
#  EXCEPTION_ACCESS_VIOLATION (0xc0000005) at pc=0x0000000055760f3d, pid=6500, tid=0x0000000000001090
#
# JRE version: OpenJDK Runtime Environment (8.0_242-b01) (build 1.8.0_242-release-1644-b01)
# Java VM: OpenJDK 64-Bit Server VM (25.242-b01 mixed mode windows-amd64 compressed oops)
# Problematic frame:
# V  [jvm.dll+0x4e0f3d]
#
# Failed to write core dump. Minidumps are not enabled by default on client versions of Windows
#
# If you would like to submit a bug report, please visit:
#   
#

---------------  T H R E A D  ---------------

Current thread (0x0000000017c85800):  JavaThread "C2 CompilerThread0" daemon [_thread_in_native, id=4240, stack(0x0000000019300000,0x0000000019400000)]

siginfo: ExceptionCode=0xc0000005, reading address 0x0000000000000080

Registers:
RAX=0x0000000020e7d510, RBX=0x0000000000007274, RCX=0x0000000000000080, RDX=0x00000000193feb58
RSP=0x00000000193fbb40, RBP=0x00000000193fbbb9, RSI=0x00000000193fc7c0, RDI=0x00000000000393a0
R8 =0x000000001fef1270, R9 =0x0000000000000000, R10=0x000000001f977c30, R11=0x00000000558c1098
R12=0x0000000017cbd5c0, R13=0x000000000000000b, R14=0x000000000000233d, R15=0x000000001bedb4a8
RIP=0x0000000055760f3d, EFLAGS=0x0000000000010202

Top of Stack: (sp=0x00000000193fbb40)
0x00000000193fbb40:   00000000000048f8 00000000193fc7c0
0x00000000193fbb50:   000000001e221680 000000007fffffff
0x00000000193fbb60:   00000000193fc7c0 00000000556c3466
0x00000000193fbb70:   00000000193fbbb9 000000001f5b5fa8
0x00000000193fbb80:   00000000193fe8f0 000000001beba3c8
0x00000000193fbb90:   0000000017c44c90 0000000000004000
0x00000000193fbba0:   000000001fef62e0 000000000000233d
0x00000000193fbbb0:   00000000558bf9e8 0000000017c44c90
0x00000000193fbbc0:   0000000000000400 000000001bed62c0
0x00000000193fbbd0:   0000000000000000 0000000055761cca
0x00000000193fbbe0:   000000001bedb4a8 00000000193fe8f0
0x00000000193fbbf0:   000000001bed34c0 00000000193fe8f0
0x00000000193fbc00:   000000001bed5f70 0000000017c44c90
0x00000000193fbc10:   00000000193fbd20 00000000556c64f7
0x00000000193fbc20:   0000000000048270 00000000193fc7c0
0x00000000193fbc30:   000000000000000b 00000000193fe8f0 

Instructions: (pc=0x0000000055760f3d)
0x0000000055760f1d:   30 4c 89 64 24 40 8b fb 66 66 66 0f 1f 84 00 00
0x0000000055760f2d:   00 00 00 48 8b 46 50 48 8b 0c 07 48 85 c9 74 21
0x0000000055760f3d:   48 8b 01 ff 50 68 4c 8b e0 3b 5e 48 72 0b 48 8d
0x0000000055760f4d:   4e 40 8b d3 e8 9a 72 fe ff 48 8b 4e 50 4c 89 24 


Register to memory mapping:

RAX=0x0000000020e7d510 is an unknown value
RBX=0x0000000000007274 is an unknown value
RCX=0x0000000000000080 is an unknown value
RDX=0x00000000193feb58 is pointing into the stack for thread: 0x0000000017c85800
RSP=0x00000000193fbb40 is pointing into the stack for thread: 0x0000000017c85800
RBP=0x00000000193fbbb9 is pointing into the stack for thread: 0x0000000017c85800
RSI=0x00000000193fc7c0 is pointing into the stack for thread: 0x0000000017c85800
RDI=0x00000000000393a0 is an unknown value
R8 =0x000000001fef1270 is an unknown value
R9 =0x0000000000000000 is an unknown value
R10=0x000000001f977c30 is an unknown value
R11=0x00000000558c1098 is an unknown value
R12=0x0000000017cbd5c0 is an unknown value
R13=0x000000000000000b is an unknown value
R14=0x000000000000233d is an unknown value
R15=0x000000001bedb4a8 is an unknown value


Stack: [0x0000000019300000,0x0000000019400000],  sp=0x00000000193fbb40,  free space=1006k
Native frames: (J=compiled Java code, j=interpreted, Vv=VM code, C=native code)
V  [jvm.dll+0x4e0f3d]
V  [jvm.dll+0x443466]
V  [jvm.dll+0x4464f7]
V  [jvm.dll+0x447f14]
V  [jvm.dll+0x42b072]
V  [jvm.dll+0x8230f]
V  [jvm.dll+0x82c7f]
V  [jvm.dll+0x220b7f]
V  [jvm.dll+0x27276a]
C  [msvcr100.dll+0x21d9f]
C  [msvcr100.dll+0x21e3b]
C  [KERNEL32.DLL+0x17034]
C  [ntdll.dll+0x52651]


Current CompileTask:
C2: 654664 17625       4       java.lang.Class::privateGetPublicMethods (267 bytes)


---------------  P R O C E S S  ---------------

Java Threads: ( => current thread )
  0x000000001c0b3800 JavaThread "Cache worker for file content cache (C:\AndroidProjects\HalalFoodAuthorityOSS\.gradle\6.5\fileContent)" [_thread_blocked, id=14812, stack(0x000000002cc10000,0x000000002cd10000)]
  0x000000001c0b2000 JavaThread "Cache worker for Build Output Cleanup Cache (C:\AndroidProjects\HalalFoodAuthorityOSS\.gradle\buildOutputCleanup)" [_thread_blocked, id=1976, stack(0x000000002cb10000,0x000000002cc10000)]
  0x000000001c0b0800 JavaThread "jar transforms Thread 376" [_thread_blocked, id=1704, stack(0x000000002ca10000,0x000000002cb10000)]
  0x000000001c0af800 JavaThread "jar transforms Thread 375" [_thread_blocked, id=12072, stack(0x000000002c710000,0x000000002c810000)]
  0x000000001c0af000 JavaThread "jar transforms Thread 374" [_thread_blocked, id=6396, stack(0x000000002c010000,0x000000002c110000)]
  0x000000001c0a6800 JavaThread "jar transforms Thread 373" [_thread_blocked, id=14228, stack(0x000000002bf10000,0x000000002c010000)]
  0x000000001c0ad800 JavaThread "jar transforms Thread 372" [_thread_blocked, id=14132, stack(0x000000002be10000,0x000000002bf10000)]
  0x000000001c0ac800 JavaThread "jar transforms Thread 371" [_thread_blocked, id=8068, stack(0x000000002bd10000,0x000000002be10000)]
  0x000000001c0a6000 JavaThread "jar transforms Thread 370" [_thread_blocked, id=6432, stack(0x000000002bc10000,0x000000002bd10000)]
  0x000000001c0a9800 JavaThread "jar transforms Thread 369" [_thread_blocked, id=14360, stack(0x000000002bb10000,0x000000002bc10000)]
  0x000000001c0a5000 JavaThread "jar transforms Thread 368" [_thread_blocked, id=4936, stack(0x000000002b510000,0x000000002b610000)]
  0x000000001c0a7800 JavaThread "jar transforms Thread 367" [_thread_blocked, id=14036, stack(0x000000002b410000,0x000000002b510000)]
  0x000000001a4ec800 JavaThread "jar transforms Thread 366" [_thread_blocked, id=14996, stack(0x000000002b310000,0x000000002b410000)]
  0x000000001a4ed800 JavaThread "jar transforms Thread 365" [_thread_blocked, id=13008, stack(0x000000002b210000,0x000000002b310000)]
  0x000000001a4ec000 JavaThread "jar transforms Thread 364" [_thread_blocked, id=6612, stack(0x000000002ad10000,0x000000002ae10000)]
  0x000000001a4eb000 JavaThread "jar transforms Thread 363" [_thread_blocked, id=4336, stack(0x0000000028b40000,0x0000000028c40000)]
  0x000000001a4e3800 JavaThread "jar transforms Thread 362" [_thread_blocked, id=12696, stack(0x0000000028840000,0x0000000028940000)]
  0x000000001a4e9000 JavaThread "jar transforms Thread 361" [_thread_blocked, id=328, stack(0x0000000028740000,0x0000000028840000)]
  0x000000001a4e8000 JavaThread "jar transforms Thread 360" [_thread_blocked, id=9764, stack(0x0000000028640000,0x0000000028740000)]
  0x000000001a4ea800 JavaThread "jar transforms Thread 359" [_thread_blocked, id=11152, stack(0x0000000028540000,0x0000000028640000)]
  0x000000001a4e7800 JavaThread "jar transforms Thread 358" [_thread_blocked, id=10964, stack(0x0000000028440000,0x0000000028540000)]
  0x000000001a4e9800 JavaThread "jar transforms Thread 357" [_thread_blocked, id=15224, stack(0x0000000028340000,0x0000000028440000)]
  0x000000001a4e0000 JavaThread "jar transforms Thread 356" [_thread_blocked, id=904, stack(0x0000000028240000,0x0000000028340000)]
  0x000000001a4e6800 JavaThread "jar transforms Thread 355" [_thread_blocked, id=13520, stack(0x0000000028140000,0x0000000028240000)]
  0x000000001a4e0800 JavaThread "jar transforms Thread 354" [_thread_blocked, id=2644, stack(0x0000000028040000,0x0000000028140000)]
  0x000000001fba3800 JavaThread "jar transforms Thread 353" [_thread_blocked, id=14784, stack(0x0000000027f40000,0x0000000028040000)]
  0x000000001fba2800 JavaThread "jar transforms Thread 352" [_thread_blocked, id=1724, stack(0x0000000027e40000,0x0000000027f40000)]
  0x000000001fba1000 JavaThread "jar transforms Thread 351" [_thread_blocked, id=14420, stack(0x0000000027d40000,0x0000000027e40000)]
  0x000000001fba0800 JavaThread "jar transforms Thread 350" [_thread_blocked, id=8012, stack(0x0000000027c40000,0x0000000027d40000)]
  0x000000001fb9f000 JavaThread "jar transforms Thread 349" [_thread_blocked, id=13200, stack(0x0000000027b40000,0x0000000027c40000)]
  0x000000001fba5800 JavaThread "jar transforms Thread 348" [_thread_blocked, id=14760, stack(0x0000000027a40000,0x0000000027b40000)]
  0x000000001fb97800 JavaThread "jar transforms Thread 347" [_thread_blocked, id=5800, stack(0x0000000027940000,0x0000000027a40000)]
  0x000000001fb9e000 JavaThread "jar transforms Thread 346" [_thread_blocked, id=1444, stack(0x0000000027840000,0x0000000027940000)]
  0x000000001fb96800 JavaThread "jar transforms Thread 345" [_thread_blocked, id=13144, stack(0x0000000027740000,0x0000000027840000)]
  0x000000001fb9d800 JavaThread "jar transforms Thread 344" [_thread_blocked, id=3652, stack(0x0000000027640000,0x0000000027740000)]
  0x000000001fb9c800 JavaThread "jar transforms Thread 343" [_thread_blocked, id=11520, stack(0x0000000027540000,0x0000000027640000)]
  0x000000001fb99000 JavaThread "jar transforms Thread 342" [_thread_blocked, id=1988, stack(0x0000000027440000,0x0000000027540000)]
  0x000000001fb9a800 JavaThread "jar transforms Thread 341" [_thread_blocked, id=11040, stack(0x0000000027340000,0x0000000027440000)]
  0x000000001e09d000 JavaThread "jar transforms Thread 340" [_thread_blocked, id=7012, stack(0x0000000027240000,0x0000000027340000)]
  0x000000001e09c800 JavaThread "jar transforms Thread 339" [_thread_blocked, id=9708, stack(0x0000000027140000,0x0000000027240000)]
  0x000000001e09e000 JavaThread "jar transforms Thread 338" [_thread_blocked, id=3244, stack(0x0000000027040000,0x0000000027140000)]
  0x000000001e099800 JavaThread "jar transforms Thread 337" [_thread_blocked, id=7220, stack(0x0000000026f40000,0x0000000027040000)]
  0x000000001e09b800 JavaThread "jar transforms Thread 336" [_thread_blocked, id=5464, stack(0x0000000026e40000,0x0000000026f40000)]
  0x000000001e09f800 JavaThread "jar transforms Thread 335" [_thread_blocked, id=4364, stack(0x0000000026d40000,0x0000000026e40000)]
  0x000000001e09a000 JavaThread "jar transforms Thread 334" [_thread_blocked, id=13636, stack(0x0000000026c40000,0x0000000026d40000)]
  0x000000001e09e800 JavaThread "jar transforms Thread 333" [_thread_blocked, id=4556, stack(0x0000000026b40000,0x0000000026c40000)]
  0x000000001e092000 JavaThread "jar transforms Thread 332" [_thread_blocked, id=14468, stack(0x0000000026a40000,0x0000000026b40000)]
  0x000000001e092800 JavaThread "jar transforms Thread 331" [_thread_blocked, id=14896, stack(0x0000000026940000,0x0000000026a40000)]
  0x000000001e098800 JavaThread "jar transforms Thread 330" [_thread_blocked, id=15236, stack(0x0000000026840000,0x0000000026940000)]
  0x000000001e091000 JavaThread "jar transforms Thread 329" [_thread_blocked, id=13536, stack(0x0000000026740000,0x0000000026840000)]
  0x000000001e098000 JavaThread "jar transforms Thread 328" [_thread_blocked, id=14212, stack(0x0000000026640000,0x0000000026740000)]
  0x000000001e090800 JavaThread "jar transforms Thread 327" [_thread_blocked, id=12912, stack(0x0000000026540000,0x0000000026640000)]
  0x000000001e096800 JavaThread "jar transforms Thread 326" [_thread_blocked, id=10204, stack(0x0000000026440000,0x0000000026540000)]
  0x000000001e095800 JavaThread "jar transforms Thread 325" [_thread_blocked, id=13736, stack(0x0000000026340000,0x0000000026440000)]
  0x000000001bf83000 JavaThread "jar transforms Thread 324" [_thread_blocked, id=14880, stack(0x0000000026240000,0x0000000026340000)]
  0x000000001bf82800 JavaThread "jar transforms Thread 323" [_thread_blocked, id=7120, stack(0x0000000026140000,0x0000000026240000)]
  0x000000001bf81800 JavaThread "jar transforms Thread 322" [_thread_blocked, id=9092, stack(0x0000000026040000,0x0000000026140000)]
  0x000000001bf86000 JavaThread "jar transforms Thread 321" [_thread_blocked, id=11648, stack(0x0000000025f40000,0x0000000026040000)]
  0x000000001bf81000 JavaThread "jar transforms Thread 320" [_thread_blocked, id=13392, stack(0x0000000025e40000,0x0000000025f40000)]
  0x000000001bf84800 JavaThread "jar transforms Thread 319" [_thread_blocked, id=12984, stack(0x0000000025d40000,0x0000000025e40000)]
  0x000000001bf7b000 JavaThread "jar transforms Thread 318" [_thread_blocked, id=6896, stack(0x0000000025c40000,0x0000000025d40000)]
  0x000000001bf7f800 JavaThread "jar transforms Thread 317" [_thread_blocked, id=2064, stack(0x0000000025b40000,0x0000000025c40000)]
  0x000000001bf7e800 JavaThread "jar transforms Thread 316" [_thread_blocked, id=13024, stack(0x0000000025a40000,0x0000000025b40000)]
  0x000000001bf80000 JavaThread "jar transforms Thread 315" [_thread_blocked, id=14312, stack(0x0000000025940000,0x0000000025a40000)]
  0x000000001bf77000 JavaThread "jar transforms Thread 314" [_thread_blocked, id=8208, stack(0x0000000025840000,0x0000000025940000)]
  0x000000001bf7d000 JavaThread "jar transforms Thread 313" [_thread_blocked, id=14368, stack(0x0000000025740000,0x0000000025840000)]
  0x000000001bf7a000 JavaThread "jar transforms Thread 312" [_thread_blocked, id=2760, stack(0x0000000025640000,0x0000000025740000)]
  0x000000001bf7c800 JavaThread "jar transforms Thread 311" [_thread_blocked, id=388, stack(0x0000000025540000,0x0000000025640000)]
  0x000000001bf79800 JavaThread "jar transforms Thread 310" [_thread_blocked, id=13644, stack(0x0000000025440000,0x0000000025540000)]
  0x000000001bf7b800 JavaThread "jar transforms Thread 309" [_thread_blocked, id=5180, stack(0x0000000025340000,0x0000000025440000)]
  0x000000001bf78800 JavaThread "jar transforms Thread 308" [_thread_blocked, id=6988, stack(0x0000000025240000,0x0000000025340000)]
  0x000000001bf78000 JavaThread "jar transforms Thread 307" [_thread_blocked, id=10196, stack(0x0000000025140000,0x0000000025240000)]
  0x000000001f4ca800 JavaThread "jar transforms Thread 306" [_thread_blocked, id=7092, stack(0x0000000025040000,0x0000000025140000)]
  0x000000001f4c7000 JavaThread "jar transforms Thread 305" [_thread_blocked, id=13876, stack(0x0000000024f40000,0x0000000025040000)]
  0x000000001f4c8800 JavaThread "jar transforms Thread 304" [_thread_blocked, id=13816, stack(0x0000000024e40000,0x0000000024f40000)]
  0x000000001f4cd000 JavaThread "jar transforms Thread 303" [_thread_blocked, id=12976, stack(0x0000000024d40000,0x0000000024e40000)]
  0x000000001f4c6000 JavaThread "jar transforms Thread 302" [_thread_blocked, id=15176, stack(0x0000000024c40000,0x0000000024d40000)]
  0x000000001f4c7800 JavaThread "jar transforms Thread 301" [_thread_blocked, id=10200, stack(0x0000000024b40000,0x0000000024c40000)]
  0x000000001f4ca000 JavaThread "jar transforms Thread 300" [_thread_blocked, id=12804, stack(0x0000000024a40000,0x0000000024b40000)]
  0x000000001f4cc000 JavaThread "jar transforms Thread 299" [_thread_blocked, id=120, stack(0x0000000024940000,0x0000000024a40000)]
  0x000000001f4be800 JavaThread "jar transforms Thread 298" [_thread_blocked, id=8064, stack(0x0000000024840000,0x0000000024940000)]
  0x000000001f4c2000 JavaThread "jar transforms Thread 297" [_thread_blocked, id=2800, stack(0x0000000024740000,0x0000000024840000)]
  0x000000001f4bf000 JavaThread "jar transforms Thread 296" [_thread_blocked, id=12876, stack(0x0000000024640000,0x0000000024740000)]
  0x000000001f4c5000 JavaThread "jar transforms Thread 295" [_thread_blocked, id=5200, stack(0x0000000024540000,0x0000000024640000)]
  0x000000001f4c0800 JavaThread "jar transforms Thread 294" [_thread_blocked, id=9456, stack(0x0000000024440000,0x0000000024540000)]
  0x000000001f4c3000 JavaThread "jar transforms Thread 293" [_thread_blocked, id=2896, stack(0x0000000024340000,0x0000000024440000)]
  0x000000001f4c0000 JavaThread "jar transforms Thread 292" [_thread_blocked, id=4404, stack(0x0000000024240000,0x0000000024340000)]
  0x000000001f4c4800 JavaThread "jar transforms Thread 291" [_thread_blocked, id=4280, stack(0x0000000024140000,0x0000000024240000)]
  0x000000001f4bd800 JavaThread "jar transforms Thread 290" [_thread_blocked, id=8388, stack(0x0000000024040000,0x0000000024140000)]
  0x000000001f4c3800 JavaThread "jar transforms Thread 289" [_thread_blocked, id=10692, stack(0x0000000023d80000,0x0000000023e80000)]
  0x000000001f4c1800 JavaThread "jar transforms Thread 288" [_thread_blocked, id=2768, stack(0x0000000023c80000,0x0000000023d80000)]
  0x000000001eb77800 JavaThread "jar transforms Thread 287" [_thread_blocked, id=13432, stack(0x0000000023b80000,0x0000000023c80000)]
  0x000000001eb77000 JavaThread "jar transforms Thread 286" [_thread_blocked, id=14384, stack(0x0000000023880000,0x0000000023980000)]
  0x000000001eb7e000 JavaThread "jar transforms Thread 285" [_thread_blocked, id=11948, stack(0x0000000023780000,0x0000000023880000)]
  0x000000001eb7b000 JavaThread "jar transforms Thread 284" [_thread_blocked, id=11224, stack(0x0000000023040000,0x0000000023140000)]
  0x000000001eb7a000 JavaThread "jar transforms Thread 283" [_thread_blocked, id=3668, stack(0x0000000022f40000,0x0000000023040000)]
  0x000000001eb79800 JavaThread "Build operations Thread 4" [_thread_blocked, id=8164, stack(0x0000000022c40000,0x0000000022d40000)]
  0x000000001eb78800 JavaThread "Build operations Thread 3" [_thread_blocked, id=10396, stack(0x0000000022b40000,0x0000000022c40000)]
  0x000000001eb7d000 JavaThread "Build operations Thread 2" [_thread_blocked, id=5328, stack(0x0000000022a40000,0x0000000022b40000)]
  0x000000001eb7c800 JavaThread "Build operations" [_thread_blocked, id=1888, stack(0x0000000022940000,0x0000000022a40000)]
  0x000000001eb7b800 JavaThread "Cache worker for cache directory md-rule (C:\Users\KhanLala\.gradle\caches\6.5\md-rule)" [_thread_blocked, id=12880, stack(0x0000000022840000,0x0000000022940000)]
  0x000000001eb72800 JavaThread "Cache worker for cache directory md-supplier (C:\Users\KhanLala\.gradle\caches\6.5\md-supplier)" [_thread_blocked, id=15204, stack(0x0000000022740000,0x0000000022840000)]
  0x000000001eb6f800 JavaThread "Cache worker for checksums cache (C:\AndroidProjects\HalalFoodAuthorityOSS\.gradle\checksums)" [_thread_blocked, id=9664, stack(0x00000000216a0000,0x00000000217a0000)]
  0x000000001eb6e800 JavaThread "Cache worker for file hash cache (C:\AndroidProjects\HalalFoodAuthorityOSS\.gradle\6.5\fileHashes)" [_thread_blocked, id=2968, stack(0x00000000214a0000,0x00000000215a0000)]
  0x000000001eb71800 JavaThread "Thread-373" [_thread_blocked, id=10452, stack(0x0000000020330000,0x0000000020430000)]
  0x000000001eb75800 JavaThread "Stdin handler" [_thread_blocked, id=14644, stack(0x0000000020230000,0x0000000020330000)]
  0x000000001eb73000 JavaThread "Asynchronous log dispatcher for DefaultDaemonConnection: socket connection from /127.0.0.1:64021 to /127.0.0.1:64095" [_thread_blocked, id=7328, stack(0x000000001dd20000,0x000000001de20000)]
  0x000000001eb71000 JavaThread "Daemon worker Thread 3" [_thread_in_Java, id=10092, stack(0x000000001d720000,0x000000001d820000)]
  0x000000001eb70000 JavaThread "Cancel handler" [_thread_blocked, id=8200, stack(0x000000001d420000,0x000000001d520000)]
  0x000000001eb74800 JavaThread "Handler for socket connection from /127.0.0.1:64021 to /127.0.0.1:64095" [_thread_in_native, id=13488, stack(0x000000001d320000,0x000000001d420000)]
  0x000000001eb74000 JavaThread "Daemon Thread 3" [_thread_blocked, id=9372, stack(0x0000000002c90000,0x0000000002d90000)]
  0x000000001e094000 JavaThread "Cache worker for Java compile cache (C:\Users\KhanLala\.gradle\caches\6.5\javaCompile)" [_thread_blocked, id=13096, stack(0x000000002ba10000,0x000000002bb10000)]
  0x000000001c0ac000 JavaThread "Memory manager" [_thread_blocked, id=10124, stack(0x000000002ac10000,0x000000002ad10000)]
  0x0000000017ca1000 JavaThread "Cache worker for file content cache (C:\Users\KhanLala\.gradle\caches\6.5\fileContent)" [_thread_blocked, id=1300, stack(0x0000000022040000,0x0000000022140000)]
  0x0000000017c9c800 JavaThread "Cache worker for execution history cache (C:\Users\KhanLala\.gradle\caches\6.5\executionHistory)" [_thread_blocked, id=9940, stack(0x00000000215a0000,0x00000000216a0000)]
  0x0000000017c9f800 JavaThread "Cache worker for file hash cache (C:\Users\KhanLala\.gradle\caches\6.5\fileHashes)" [_thread_blocked, id=2036, stack(0x000000001dc20000,0x000000001dd20000)]
  0x0000000017c9b000 JavaThread "File lock request listener" [_thread_in_native, id=11576, stack(0x000000001db20000,0x000000001dc20000)]
  0x0000000019e3d000 JavaThread "Cache worker for journal cache (C:\Users\KhanLala\.gradle\caches\journal-1)" [_thread_blocked, id=5096, stack(0x000000001da20000,0x000000001db20000)]
  0x000000001acbb800 JavaThread "Daemon periodic checks" [_thread_blocked, id=7076, stack(0x000000001ce20000,0x000000001cf20000)]
  0x000000001a1b4000 JavaThread "Incoming local TCP Connector on port 64021" [_thread_in_native, id=6184, stack(0x000000001cbe0000,0x000000001cce0000)]
  0x000000001b6f1800 JavaThread "Daemon health stats" [_thread_blocked, id=14552, stack(0x000000001c5a0000,0x000000001c6a0000)]
  0x0000000019640000 JavaThread "Service Thread" daemon [_thread_blocked, id=6832, stack(0x0000000019a00000,0x0000000019b00000)]
  0x0000000017ca1800 JavaThread "C1 CompilerThread2" daemon [_thread_in_native, id=10168, stack(0x0000000019500000,0x0000000019600000)]
  0x0000000017c8b800 JavaThread "C2 CompilerThread1" daemon [_thread_blocked, id=7960, stack(0x0000000019400000,0x0000000019500000)]
=>0x0000000017c85800 JavaThread "C2 CompilerThread0" daemon [_thread_in_native, id=4240, stack(0x0000000019300000,0x0000000019400000)]
  0x0000000017c84000 JavaThread "Attach Listener" daemon [_thread_blocked, id=15112, stack(0x0000000019200000,0x0000000019300000)]
  0x0000000017c80800 JavaThread "Signal Dispatcher" daemon [_thread_blocked, id=10072, stack(0x0000000019100000,0x0000000019200000)]
  0x000000000305b000 JavaThread "Finalizer" daemon [_thread_blocked, id=3948, stack(0x0000000018f00000,0x0000000019000000)]
  0x0000000017c69000 JavaThread "Reference Handler" daemon [_thread_blocked, id=14176, stack(0x0000000018e00000,0x0000000018f00000)]
  0x0000000002e5e000 JavaThread "main" [_thread_blocked, id=2980, stack(0x0000000002e60000,0x0000000002f60000)]

Other Threads:
  0x0000000017c46000 VMThread [stack: 0x0000000018d00000,0x0000000018e00000] [id=5516]
  0x0000000017cca000 WatcherThread [stack: 0x0000000019b00000,0x0000000019c00000] [id=2228]

VM state:not at safepoint (normal execution)

VM Mutex/Monitor currently owned by a thread: None

heap address: 0x0000000080000000, size: 2048 MB, Compressed Oops mode: 32-bit
Narrow klass base: 0x0000000000000000, Narrow klass shift: 3
Compressed class space size: 1073741824 Address: 0x0000000100000000

Heap:
 PSYoungGen      total 373248K, used 11628K [0x00000000d5580000, 0x00000000ee480000, 0x0000000100000000)
  eden space 352256K, 3% used [0x00000000d5580000,0x00000000d60db198,0x00000000ead80000)
  from space 20992K, 0% used [0x00000000ed000000,0x00000000ed000000,0x00000000ee480000)
  to   space 28160K, 0% used [0x00000000ead80000,0x00000000ead80000,0x00000000ec900000)
 ParOldGen       total 189440K, used 68937K [0x0000000080000000, 0x000000008b900000, 0x00000000d5580000)
  object space 189440K, 36% used [0x0000000080000000,0x0000000084352580,0x000000008b900000)
 Metaspace       used 93511K, capacity 98314K, committed 98840K, reserved 1134592K
  class space    used 12285K, capacity 13190K, committed 13360K, reserved 1048576K

Card table byte_map: [0x0000000012420000,0x0000000012830000] byte_map_base: 0x0000000012020000

Marking Bits: (ParMarkBitMap*) 0x0000000055a4f030
 Begin Bits: [0x0000000012ee0000, 0x0000000014ee0000)
 End Bits:   [0x0000000014ee0000, 0x0000000016ee0000)

Polling page: 0x0000000001450000

CodeCache: size=245760Kb used=48370Kb max_used=48529Kb free=197389Kb
 bounds [0x0000000003060000, 0x0000000006010000, 0x0000000012060000]
 total_blobs=15437 nmethods=14560 adapters=786
 compilation: enabled

Compilation events (10 events):
Event: 654.570 Thread 0x0000000017ca1800 17673       3       java.lang.Class::getDeclaredConstructor (16 bytes)
Event: 654.570 Thread 0x0000000017ca1800 nmethod 17673 0x00000000031f4050 code [0x00000000031f41e0, 0x00000000031f43e8]
Event: 654.579 Thread 0x0000000017ca1800 17674       3       com.sun.xml.bind.v2.runtime.Coordinator::pushCoordinator (21 bytes)
Event: 654.580 Thread 0x0000000017ca1800 nmethod 17674 0x0000000003f65510 code [0x0000000003f656e0, 0x0000000003f65e88]
Event: 654.583 Thread 0x0000000017ca1800 17675       3       com.sun.xml.bind.v2.runtime.Coordinator::popCoordinator (32 bytes)
Event: 654.585 Thread 0x0000000017ca1800 nmethod 17675 0x0000000003bca0d0 code [0x0000000003bca2a0, 0x0000000003bcaba8]
Event: 654.588 Thread 0x0000000017ca1800 17677       3       org.gradle.api.internal.tasks.DefaultTaskDependency::add (34 bytes)
Event: 654.591 Thread 0x0000000017ca1800 nmethod 17677 0x00000000042933d0 code [0x00000000042935e0, 0x0000000004294078]
Event: 654.594 Thread 0x0000000017ca1800 17679       3       org.gradle.api.internal.artifacts.configurations.DefaultConfigurationPublications::preventFromFurtherMutation (54 bytes)
Event: 654.596 Thread 0x0000000017ca1800 nmethod 17679 0x00000000038b3210 code [0x00000000038b3400, 0x00000000038b3db8]

GC Heap History (10 events):
Event: 85.216 GC heap before
{Heap before GC invocations=18 (full 3):
 PSYoungGen      total 290816K, used 286671K [0x00000000d5580000, 0x00000000e8e80000, 0x0000000100000000)
  eden space 272384K, 100% used [0x00000000d5580000,0x00000000e5f80000,0x00000000e5f80000)
  from space 18432K, 77% used [0x00000000e7c80000,0x00000000e8a73d80,0x00000000e8e80000)
  to   space 24064K, 0% used [0x00000000e5f80000,0x00000000e5f80000,0x00000000e7700000)
 ParOldGen       total 115200K, used 48392K [0x0000000080000000, 0x0000000087080000, 0x00000000d5580000)
  object space 115200K, 42% used [0x0000000080000000,0x0000000082f422b8,0x0000000087080000)
 Metaspace       used 77297K, capacity 80870K, committed 81048K, reserved 1120256K
  class space    used 10370K, capacity 11072K, committed 11184K, reserved 1048576K
Event: 85.337 GC heap after
Heap after GC invocations=18 (full 3):
 PSYoungGen      total 296448K, used 24052K [0x00000000d5580000, 0x00000000ece80000, 0x0000000100000000)
  eden space 272384K, 0% used [0x00000000d5580000,0x00000000d5580000,0x00000000e5f80000)
  from space 24064K, 99% used [0x00000000e5f80000,0x00000000e76fd288,0x00000000e7700000)
  to   space 29696K, 0% used [0x00000000eb180000,0x00000000eb180000,0x00000000ece80000)
 ParOldGen       total 115200K, used 54284K [0x0000000080000000, 0x0000000087080000, 0x00000000d5580000)
  object space 115200K, 47% used [0x0000000080000000,0x00000000835033d8,0x0000000087080000)
 Metaspace       used 77297K, capacity 80870K, committed 81048K, reserved 1120256K
  class space    used 10370K, capacity 11072K, committed 11184K, reserved 1048576K
}
Event: 111.170 GC heap before
{Heap before GC invocations=19 (full 3):
 PSYoungGen      total 296448K, used 296436K [0x00000000d5580000, 0x00000000ece80000, 0x0000000100000000)
  eden space 272384K, 100% used [0x00000000d5580000,0x00000000e5f80000,0x00000000e5f80000)
  from space 24064K, 99% used [0x00000000e5f80000,0x00000000e76fd288,0x00000000e7700000)
  to   space 29696K, 0% used [0x00000000eb180000,0x00000000eb180000,0x00000000ece80000)
 ParOldGen       total 115200K, used 54284K [0x0000000080000000, 0x0000000087080000, 0x00000000d5580000)
  object space 115200K, 47% used [0x0000000080000000,0x00000000835033d8,0x0000000087080000)
 Metaspace       used 91150K, capacity 95790K, committed 96024K, reserved 1132544K
  class space    used 12168K, capacity 13070K, committed 13104K, reserved 1048576K
Event: 111.457 GC heap after
Heap after GC invocations=19 (full 3):
 PSYoungGen      total 354304K, used 19045K [0x00000000d5580000, 0x00000000ece80000, 0x0000000100000000)
  eden space 324608K, 0% used [0x00000000d5580000,0x00000000d5580000,0x00000000e9280000)
  from space 29696K, 64% used [0x00000000eb180000,0x00000000ec419600,0x00000000ece80000)
  to   space 30720K, 0% used [0x00000000e9280000,0x00000000e9280000,0x00000000eb080000)
 ParOldGen       total 115200K, used 75568K [0x0000000080000000, 0x0000000087080000, 0x00000000d5580000)
  object space 115200K, 65% used [0x0000000080000000,0x00000000849cc3c8,0x0000000087080000)
 Metaspace       used 91150K, capacity 95790K, committed 96024K, reserved 1132544K
  class space    used 12168K, capacity 13070K, committed 13104K, reserved 1048576K
}
Event: 306.853 GC heap before
{Heap before GC invocations=20 (full 3):
 PSYoungGen      total 354304K, used 343653K [0x00000000d5580000, 0x00000000ece80000, 0x0000000100000000)
  eden space 324608K, 100% used [0x00000000d5580000,0x00000000e9280000,0x00000000e9280000)
  from space 29696K, 64% used [0x00000000eb180000,0x00000000ec419600,0x00000000ece80000)
  to   space 30720K, 0% used [0x00000000e9280000,0x00000000e9280000,0x00000000eb080000)
 ParOldGen       total 115200K, used 75568K [0x0000000080000000, 0x0000000087080000, 0x00000000d5580000)
  object space 115200K, 65% used [0x0000000080000000,0x00000000849cc3c8,0x0000000087080000)
 Metaspace       used 92782K, capacity 97504K, committed 97688K, reserved 1134592K
  class space    used 12290K, capacity 13201K, committed 13232K, reserved 1048576K
Event: 306.922 GC heap after
Heap after GC invocations=20 (full 3):
 PSYoungGen      total 355328K, used 10227K [0x00000000d5580000, 0x00000000eec80000, 0x0000000100000000)
  eden space 324608K, 0% used [0x00000000d5580000,0x00000000d5580000,0x00000000e9280000)
  from space 30720K, 33% used [0x00000000e9280000,0x00000000e9c7cd10,0x00000000eb080000)
  to   space 29184K, 0% used [0x00000000ed000000,0x00000000ed000000,0x00000000eec80000)
 ParOldGen       total 115200K, used 75576K [0x0000000080000000, 0x0000000087080000, 0x00000000d5580000)
  object space 115200K, 65% used [0x0000000080000000,0x00000000849ce3c8,0x0000000087080000)
 Metaspace       used 92782K, capacity 97504K, committed 97688K, reserved 1134592K
  class space    used 12290K, capacity 13201K, committed 13232K, reserved 1048576K
}
Event: 653.487 GC heap before
{Heap before GC invocations=21 (full 3):
 PSYoungGen      total 355328K, used 293623K [0x00000000d5580000, 0x00000000eec80000, 0x0000000100000000)
  eden space 324608K, 87% used [0x00000000d5580000,0x00000000e6a40ff0,0x00000000e9280000)
  from space 30720K, 33% used [0x00000000e9280000,0x00000000e9c7cd10,0x00000000eb080000)
  to   space 29184K, 0% used [0x00000000ed000000,0x00000000ed000000,0x00000000eec80000)
 ParOldGen       total 115200K, used 75576K [0x0000000080000000, 0x0000000087080000, 0x00000000d5580000)
  object space 115200K, 65% used [0x0000000080000000,0x00000000849ce3c8,0x0000000087080000)
 Metaspace       used 93557K, capacity 98436K, committed 98584K, reserved 1134592K
  class space    used 12322K, capacity 13255K, committed 13360K, reserved 1048576K
Event: 653.540 GC heap after
Heap after GC invocations=21 (full 3):
 PSYoungGen      total 373248K, used 11811K [0x00000000d5580000, 0x00000000ee480000, 0x0000000100000000)
  eden space 352256K, 0% used [0x00000000d5580000,0x00000000d5580000,0x00000000ead80000)
  from space 20992K, 56% used [0x00000000ed000000,0x00000000edb88f48,0x00000000ee480000)
  to   space 28160K, 0% used [0x00000000ead80000,0x00000000ead80000,0x00000000ec900000)
 ParOldGen       total 115200K, used 75584K [0x0000000080000000, 0x0000000087080000, 0x00000000d5580000)
  object space 115200K, 65% used [0x0000000080000000,0x00000000849d03c8,0x0000000087080000)
 Metaspace       used 93557K, capacity 98436K, committed 98584K, reserved 1134592K
  class space    used 12322K, capacity 13255K, committed 13360K, reserved 1048576K
}
Event: 653.540 GC heap before
{Heap before GC invocations=22 (full 4):
 PSYoungGen      total 373248K, used 11811K [0x00000000d5580000, 0x00000000ee480000, 0x0000000100000000)
  eden space 352256K, 0% used [0x00000000d5580000,0x00000000d5580000,0x00000000ead80000)
  from space 20992K, 56% used [0x00000000ed000000,0x00000000edb88f48,0x00000000ee480000)
  to   space 28160K, 0% used [0x00000000ead80000,0x00000000ead80000,0x00000000ec900000)
 ParOldGen       total 115200K, used 75584K [0x0000000080000000, 0x0000000087080000, 0x00000000d5580000)
  object space 115200K, 65% used [0x0000000080000000,0x00000000849d03c8,0x0000000087080000)
 Metaspace       used 93557K, capacity 98436K, committed 98584K, reserved 1134592K
  class space    used 12322K, capacity 13255K, committed 13360K, reserved 1048576K
Event: 654.313 GC heap after
Heap after GC invocations=22 (full 4):
 PSYoungGen      total 373248K, used 0K [0x00000000d5580000, 0x00000000ee480000, 0x0000000100000000)
  eden space 352256K, 0% used [0x00000000d5580000,0x00000000d5580000,0x00000000ead80000)
  from space 20992K, 0% used [0x00000000ed000000,0x00000000ed000000,0x00000000ee480000)
  to   space 28160K, 0% used [0x00000000ead80000,0x00000000ead80000,0x00000000ec900000)
 ParOldGen       total 189440K, used 68937K [0x0000000080000000, 0x000000008b900000, 0x00000000d5580000)
  object space 189440K, 36% used [0x0000000080000000,0x0000000084352580,0x000000008b900000)
 Metaspace       used 93438K, capacity 98098K, committed 98584K, reserved 1134592K
  class space    used 12283K, capacity 13186K, committed 13360K, reserved 1048576K
}

Deoptimization events (10 events):
Event: 313.251 Thread 0x000000001eb77000 Uncommon trap: reason=predicate action=maybe_recompile pc=0x0000000003cbda80 method=com.android.tools.r8.dex.n.a(I[Lcom/android/tools/r8/graph/c0$a;[Lcom/android/tools/r8/graph/l0;)[Lcom/android/tools/r8/graph/U; @ 33
Event: 313.251 Thread 0x000000001eb77000 Uncommon trap: reason=unstable_if action=reinterpret pc=0x0000000004622ab4 method=com.android.tools.r8.dex.n.a(I[Lcom/android/tools/r8/graph/c0$b;[Lcom/android/tools/r8/graph/c0$c;Z)[Lcom/android/tools/r8/graph/W; @ 344
Event: 313.609 Thread 0x000000001eb71000 Uncommon trap: reason=class_check action=maybe_recompile pc=0x0000000004bf30c8 method=java.util.TimSort.mergeLo(IIII)V @ 189
Event: 313.611 Thread 0x000000001eb71000 Uncommon trap: reason=class_check action=maybe_recompile pc=0x0000000004bf30c8 method=java.util.TimSort.mergeLo(IIII)V @ 189
Event: 313.615 Thread 0x000000001eb71000 Uncommon trap: reason=array_check action=maybe_recompile pc=0x00000000048c8f74 method=java.util.TimSort.reverseRange([Ljava/lang/Object;II)V @ 20
Event: 313.615 Thread 0x000000001eb71000 Uncommon trap: reason=array_check action=maybe_recompile pc=0x00000000048c8f74 method=java.util.TimSort.reverseRange([Ljava/lang/Object;II)V @ 20
Event: 313.615 Thread 0x000000001eb71000 Uncommon trap: reason=array_check action=maybe_recompile pc=0x00000000048c8f74 method=java.util.TimSort.reverseRange([Ljava/lang/Object;II)V @ 20
Event: 314.107 Thread 0x000000001f4c5000 Uncommon trap: reason=class_check action=maybe_recompile pc=0x00000000053ba7e4 method=org.gradle.internal.fingerprint.classpath.impl.ClasspathFingerprintingStrategy$ClasspathContentFingerprintingVisitor.visitFile(Lorg/gradle/internal/snapshot/CompleteFile
Event: 314.674 Thread 0x000000001bf78800 Uncommon trap: reason=unstable_if action=reinterpret pc=0x00000000049331dc method=com.esotericsoftware.kryo.io.Input.require(I)I @ 180
Event: 653.430 Thread 0x000000001bf77000 Uncommon trap: reason=unstable_if action=reinterpret pc=0x00000000054abbbc method=java.util.concurrent.SynchronousQueue$TransferStack.awaitFulfill(Ljava/util/concurrent/SynchronousQueue$TransferStack$SNode;ZJ)Ljava/util/concurrent/SynchronousQueue$Transfe

Classes redefined (0 events):
No events

Internal exceptions (10 events):
Event: 312.780 Thread 0x000000001eb6e800 Exception <a 'sun/nio/fs/WindowsException'> (0x00000000e142f400) thrown at [C:\src\AOSP-openjdk-git\hotspot\src\share\vm\prims\jni.cpp, line 710]
Event: 312.785 Thread 0x000000001eb6e800 Exception <a 'sun/nio/fs/WindowsException'> (0x00000000e14376d0) thrown at [C:\src\AOSP-openjdk-git\hotspot\src\share\vm\prims\jni.cpp, line 710]
Event: 312.793 Thread 0x000000001eb6e800 Exception <a 'sun/nio/fs/WindowsException'> (0x00000000e143e4a8) thrown at [C:\src\AOSP-openjdk-git\hotspot\src\share\vm\prims\jni.cpp, line 710]
Event: 312.800 Thread 0x000000001eb6e800 Exception <a 'sun/nio/fs/WindowsException'> (0x00000000e14c5320) thrown at [C:\src\AOSP-openjdk-git\hotspot\src\share\vm\prims\jni.cpp, line 710]
Event: 312.808 Thread 0x000000001eb6e800 Exception <a 'sun/nio/fs/WindowsException'> (0x00000000e155a538) thrown at [C:\src\AOSP-openjdk-git\hotspot\src\share\vm\prims\jni.cpp, line 710]
Event: 313.124 Thread 0x000000001eb71000 Exception <a 'sun/nio/fs/WindowsException'> (0x00000000e2521a90) thrown at [C:\src\AOSP-openjdk-git\hotspot\src\share\vm\prims\jni.cpp, line 710]
Event: 313.251 Thread 0x000000001eb6f800 Implicit null exception at 0x0000000003cbd156 to 0x0000000003cbda69
Event: 313.251 Thread 0x000000001eb77000 Implicit null exception at 0x0000000003cbd156 to 0x0000000003cbda69
Event: 314.031 Thread 0x000000001eb78800 Exception <a 'sun/nio/fs/WindowsException'> (0x00000000e42dc430) thrown at [C:\src\AOSP-openjdk-git\hotspot\src\share\vm\prims\jni.cpp, line 710]
Event: 654.547 Thread 0x000000001eb71000 Exception <a 'sun/nio/fs/WindowsException'> (0x00000000d5da2e70) thrown at [C:\src\AOSP-openjdk-git\hotspot\src\share\vm\prims\jni.cpp, line 710]

Events (10 events):
Event: 654.587 Thread 0x0000000017ca1800 flushing nmethod 0x00000000046a6050
Event: 654.588 Thread 0x0000000017ca1800 flushing nmethod 0x000000000477a910
Event: 654.588 Thread 0x0000000017ca1800 flushing nmethod 0x00000000047a0410
Event: 654.588 Thread 0x0000000017ca1800 flushing nmethod 0x00000000047adf10
Event: 654.592 Thread 0x0000000017ca1800 flushing nmethod 0x0000000004869a90
Event: 654.593 Thread 0x0000000017ca1800 flushing nmethod 0x000000000494b250
Event: 654.593 Thread 0x0000000017ca1800 flushing nmethod 0x0000000004959c50
Event: 654.594 Thread 0x0000000017ca1800 flushing nmethod 0x0000000004a8d610
Event: 654.594 Thread 0x0000000017ca1800 flushing nmethod 0x0000000004ada490
Event: 654.598 Thread 0x0000000017ca1800 flushing nmethod 0x0000000004c98a90


Dynamic libraries:
0x00007ff785d30000 - 0x00007ff785d61000 	C:\Program Files\Android\Android Studio\jre\bin\java.exe
0x00007ff812af0000 - 0x00007ff812ce5000 	C:\WINDOWS\SYSTEM32\ntdll.dll
0x00007ff8118a0000 - 0x00007ff81195e000 	C:\WINDOWS\System32\KERNEL32.DLL
0x00007ff810520000 - 0x00007ff8107e9000 	C:\WINDOWS\System32\KERNELBASE.dll
0x00007ff812800000 - 0x00007ff8128ac000 	C:\WINDOWS\System32\ADVAPI32.dll
0x00007ff811800000 - 0x00007ff81189e000 	C:\WINDOWS\System32\msvcrt.dll
0x00007ff8125d0000 - 0x00007ff81266b000 	C:\WINDOWS\System32\sechost.dll
0x00007ff8116d0000 - 0x00007ff8117fa000 	C:\WINDOWS\System32\RPCRT4.dll
0x00007ff812300000 - 0x00007ff8124a1000 	C:\WINDOWS\System32\USER32.dll
0x00007ff8104f0000 - 0x00007ff810512000 	C:\WINDOWS\System32\win32u.dll
0x00007ff8110f0000 - 0x00007ff81111b000 	C:\WINDOWS\System32\GDI32.dll
0x00007ff8108e0000 - 0x00007ff8109eb000 	C:\WINDOWS\System32\gdi32full.dll
0x00007ff810aa0000 - 0x00007ff810b3d000 	C:\WINDOWS\System32\msvcp_win.dll
0x00007ff8103a0000 - 0x00007ff8104a0000 	C:\WINDOWS\System32\ucrtbase.dll
0x00007fffff230000 - 0x00007fffff4ca000 	C:\WINDOWS\WinSxS\amd64_microsoft.windows.common-controls_6595b64144ccf1df_6.0.19041.1110_none_60b5254171f9507e\COMCTL32.dll
0x00007ff8128b0000 - 0x00007ff8128e0000 	C:\WINDOWS\System32\IMM32.DLL
0x0000000054f80000 - 0x0000000055052000 	C:\Program Files\Android\Android Studio\jre\jre\bin\msvcr100.dll
0x0000000055280000 - 0x0000000055acb000 	C:\Program Files\Android\Android Studio\jre\jre\bin\server\jvm.dll
0x00007ff811510000 - 0x00007ff811518000 	C:\WINDOWS\System32\PSAPI.DLL
0x00007fffff4d0000 - 0x00007fffff4f7000 	C:\WINDOWS\SYSTEM32\WINMM.dll
0x00007ffffedb0000 - 0x00007ffffedba000 	C:\WINDOWS\SYSTEM32\VERSION.dll
0x00007ff809020000 - 0x00007ff809029000 	C:\WINDOWS\SYSTEM32\WSOCK32.dll
0x00007ff811650000 - 0x00007ff8116bb000 	C:\WINDOWS\System32\ws2_32.DLL
0x00007ff807f60000 - 0x00007ff807f6f000 	C:\Program Files\Android\Android Studio\jre\jre\bin\verify.dll
0x00007ff806a80000 - 0x00007ff806aa9000 	C:\Program Files\Android\Android Studio\jre\jre\bin\java.dll
0x00007ff807f40000 - 0x00007ff807f56000 	C:\Program Files\Android\Android Studio\jre\jre\bin\zip.dll
0x00007ff811ae0000 - 0x00007ff81221f000 	C:\WINDOWS\System32\SHELL32.dll
0x00007ff80e310000 - 0x00007ff80eaa0000 	C:\WINDOWS\SYSTEM32\windows.storage.dll
0x00007ff811120000 - 0x00007ff811475000 	C:\WINDOWS\System32\combase.dll
0x00007ff80fb90000 - 0x00007ff80fbbc000 	C:\WINDOWS\SYSTEM32\Wldp.dll
0x00007ff811a30000 - 0x00007ff811add000 	C:\WINDOWS\System32\SHCORE.dll
0x00007ff8127a0000 - 0x00007ff8127f5000 	C:\WINDOWS\System32\shlwapi.dll
0x00007ff810150000 - 0x00007ff81016f000 	C:\WINDOWS\SYSTEM32\profapi.dll
0x00007ff806a60000 - 0x00007ff806a7a000 	C:\Program Files\Android\Android Studio\jre\jre\bin\net.dll
0x00007ff80f8f0000 - 0x00007ff80f95a000 	C:\WINDOWS\system32\mswsock.dll
0x00007ff806a40000 - 0x00007ff806a53000 	C:\Program Files\Android\Android Studio\jre\jre\bin\nio.dll
0x00007fffd9300000 - 0x00007fffd9327000 	C:\Users\KhanLala\.gradle\native\f6784746aeab05261644944871eae4fe03e0ef1612fff0a4a95f87b438bc6780\windows-amd64\native-platform.dll
0x00007ff806a30000 - 0x00007ff806a3d000 	C:\Program Files\Android\Android Studio\jre\jre\bin\management.dll
0x00007ff80fae0000 - 0x00007ff80faf8000 	C:\WINDOWS\SYSTEM32\CRYPTSP.dll
0x00007ff80f270000 - 0x00007ff80f2a4000 	C:\WINDOWS\system32\rsaenh.dll
0x00007ff810210000 - 0x00007ff810237000 	C:\WINDOWS\System32\bcrypt.dll
0x00007ff8100d0000 - 0x00007ff8100fe000 	C:\WINDOWS\SYSTEM32\USERENV.dll
0x00007ff810850000 - 0x00007ff8108d3000 	C:\WINDOWS\System32\bcryptprimitives.dll
0x00007ff80fb00000 - 0x00007ff80fb0c000 	C:\WINDOWS\SYSTEM32\CRYPTBASE.dll
0x00007ff80f5e0000 - 0x00007ff80f61b000 	C:\WINDOWS\SYSTEM32\IPHLPAPI.DLL
0x00007ff8116c0000 - 0x00007ff8116c8000 	C:\WINDOWS\System32\NSI.dll
0x00007ff804fe0000 - 0x00007ff804ff7000 	C:\WINDOWS\SYSTEM32\dhcpcsvc6.DLL
0x00007ff805170000 - 0x00007ff80518d000 	C:\WINDOWS\SYSTEM32\dhcpcsvc.DLL
0x00007ff80f620000 - 0x00007ff80f6ec000 	C:\WINDOWS\SYSTEM32\DNSAPI.dll
0x00007ff806020000 - 0x00007ff80602b000 	C:\WINDOWS\SYSTEM32\WINNSI.DLL
0x00007ffffdd80000 - 0x00007ffffdf64000 	C:\WINDOWS\SYSTEM32\dbghelp.dll

VM Arguments:
jvm_args: -Xmx2048m -Dfile.encoding=UTF-8 -Duser.country=US -Duser.language=en -Duser.variant 
java_command: org.gradle.launcher.daemon.bootstrap.GradleDaemon 6.5
java_class_path (initial): C:\Users\KhanLala\.gradle\wrapper\dists\gradle-6.5-bin\6nifqtx7604sqp1q6g8wikw7p\gradle-6.5\lib\gradle-launcher-6.5.jar
Launcher Type: SUN_STANDARD

Environment Variables:
JAVA_HOME=C:\Program Files\Java\jdk-13.0.1\bin
PATH=C:\WINDOWS\system32;C:\WINDOWS;C:\WINDOWS\System32\Wbem;C:\WINDOWS\System32\WindowsPowerShell\v1.0\;C:\WINDOWS\System32\OpenSSH\;C:\Program Files\Git\cmd;C:\Program Files\Java\jdk-13.0.1\bin;C:\flutter\bin;C:\dart-sdk\bin;C:\hadoop-3.3.1\hadoop-3.3.1\bin;C:\hadoop-3.3.1\hadoop-3.3.1\sbin;C:\Users\KhanLala\AppData\Local\Microsoft\WindowsApps;C:\Users\KhanLala\AppData\Local\GitHubDesktop\bin
USERNAME=KhanLala
OS=Windows_NT
PROCESSOR_IDENTIFIER=Intel64 Family 6 Model 58 Stepping 9, GenuineIntel



---------------  S Y S T E M  ---------------

OS: Windows 10.0 , 64 bit Build 19041 (10.0.19041.1202)

CPU:total 4 (initial active 4) (2 cores per cpu, 2 threads per core) family 6 model 58 stepping 9, cmov, cx8, fxsr, mmx, sse, sse2, sse3, ssse3, sse4.1, sse4.2, popcnt, avx, clmul, erms, ht, tsc, tscinvbit, tscinv

Memory: 4k page, physical 8251904k(2405992k free), swap 13707060k(4291648k free)

vm_info: OpenJDK 64-Bit Server VM (25.242-b01) for windows-amd64 JRE (1.8.0_242-release-1644-b01), built by "builder" with MS VC++ 10.0 (VS2010)

time: Tue Jan 04 23:21:22 2022
timezone: Pakistan Standard Time
elapsed time: 654 seconds (0d 0h 10m 54s)

